2025-05-19T18:46:54.494+0700 [DEBUG] [org.gradle.launcher.daemon.bootstrap.DaemonMain] Assuming the daemon was started with following jvm opts: [--add-opens=java.base/java.util=ALL-UNNAMED, --add-opens=java.base/java.lang=ALL-UNNAMED, --add-opens=java.base/java.lang.invoke=ALL-UNNAMED, --add-opens=java.prefs/java.util.prefs=ALL-UNNAMED, --add-opens=java.base/java.nio.charset=ALL-UNNAMED, --add-opens=java.base/java.net=ALL-UNNAMED, --add-opens=java.base/java.util.concurrent.atomic=ALL-UNNAMED, -Xmx2048m, -Dfile.encoding=UTF-8, -Duser.country=ID, -Duser.language=en, -Duser.variant]
2025-05-19T18:46:54.879+0700 [DEBUG] [org.gradle.internal.nativeintegration.services.NativeServices] Native-platform posix files integration is not available. Continuing with fallback.
2025-05-19T18:46:54.908+0700 [INFO] [org.gradle.launcher.daemon.server.Daemon] start() called on daemon - DefaultDaemonContext[uid=129c9fdf-3f02-405c-81d7-74191519b1b7,javaHome=C:\Program Files\Android\Android Studio\jbr,daemonRegistryDir=C:\Users\Kjkiong\AndroidStudioProjects\Muttawif\daemon,pid=36004,idleTimeout=10800000,priority=NORMAL,applyInstrumentationAgent=true,daemonOpts=--add-opens=java.base/java.util=ALL-UNNAMED,--add-opens=java.base/java.lang=ALL-UNNAMED,--add-opens=java.base/java.lang.invoke=ALL-UNNAMED,--add-opens=java.prefs/java.util.prefs=ALL-UNNAMED,--add-opens=java.base/java.nio.charset=ALL-UNNAMED,--add-opens=java.base/java.net=ALL-UNNAMED,--add-opens=java.base/java.util.concurrent.atomic=ALL-UNNAMED,-Xmx2048m,-Dfile.encoding=UTF-8,-Duser.country=ID,-Duser.language=en,-Duser.variant]
2025-05-19T18:46:55.064+0700 [DEBUG] [org.gradle.internal.remote.internal.inet.InetAddresses] Adding IP addresses for network interface Bluetooth Device (Personal Area Network)-Npcap Packet Driver (NPCAP)-0000
2025-05-19T18:46:55.066+0700 [DEBUG] [org.gradle.internal.remote.internal.inet.InetAddresses] Is this a loopback interface? false
2025-05-19T18:46:55.066+0700 [DEBUG] [org.gradle.internal.remote.internal.inet.InetAddresses] Adding IP addresses for network interface ZeroTier Virtual Port-WFP Native MAC Layer LightWeight Filter-0000
2025-05-19T18:46:55.067+0700 [DEBUG] [org.gradle.internal.remote.internal.inet.InetAddresses] Is this a loopback interface? false
2025-05-19T18:46:55.068+0700 [DEBUG] [org.gradle.internal.remote.internal.inet.InetAddresses] Adding IP addresses for network interface ZeroTier Virtual Port-Npcap Packet Driver (NPCAP)-0000
2025-05-19T18:46:55.068+0700 [DEBUG] [org.gradle.internal.remote.internal.inet.InetAddresses] Is this a loopback interface? false
2025-05-19T18:46:55.069+0700 [DEBUG] [org.gradle.internal.remote.internal.inet.InetAddresses] Adding IP addresses for network interface ZeroTier Virtual Port-QoS Packet Scheduler-0000
2025-05-19T18:46:55.070+0700 [DEBUG] [org.gradle.internal.remote.internal.inet.InetAddresses] Is this a loopback interface? false
2025-05-19T18:46:55.070+0700 [DEBUG] [org.gradle.internal.remote.internal.inet.InetAddresses] Adding IP addresses for network interface ZeroTier Virtual Port-WFP 802.3 MAC Layer LightWeight Filter-0000
2025-05-19T18:46:55.071+0700 [DEBUG] [org.gradle.internal.remote.internal.inet.InetAddresses] Is this a loopback interface? false
2025-05-19T18:46:55.072+0700 [DEBUG] [org.gradle.internal.remote.internal.inet.InetAddresses] Adding IP addresses for network interface WAN Miniport (IP)-WFP Native MAC Layer LightWeight Filter-0000
2025-05-19T18:46:55.073+0700 [DEBUG] [org.gradle.internal.remote.internal.inet.InetAddresses] Is this a loopback interface? false
2025-05-19T18:46:55.073+0700 [DEBUG] [org.gradle.internal.remote.internal.inet.InetAddresses] Adding IP addresses for network interface WAN Miniport (IP)-Npcap Packet Driver (NPCAP)-0000
2025-05-19T18:46:55.074+0700 [DEBUG] [org.gradle.internal.remote.internal.inet.InetAddresses] Is this a loopback interface? false
2025-05-19T18:46:55.075+0700 [DEBUG] [org.gradle.internal.remote.internal.inet.InetAddresses] Adding IP addresses for network interface WAN Miniport (IP)-QoS Packet Scheduler-0000
2025-05-19T18:46:55.075+0700 [DEBUG] [org.gradle.internal.remote.internal.inet.InetAddresses] Is this a loopback interface? false
2025-05-19T18:46:55.076+0700 [DEBUG] [org.gradle.internal.remote.internal.inet.InetAddresses] Adding IP addresses for network interface WAN Miniport (IPv6)-WFP Native MAC Layer LightWeight Filter-0000
2025-05-19T18:46:55.076+0700 [DEBUG] [org.gradle.internal.remote.internal.inet.InetAddresses] Is this a loopback interface? false
2025-05-19T18:46:55.077+0700 [DEBUG] [org.gradle.internal.remote.internal.inet.InetAddresses] Adding IP addresses for network interface WAN Miniport (IPv6)-Npcap Packet Driver (NPCAP)-0000
2025-05-19T18:46:55.077+0700 [DEBUG] [org.gradle.internal.remote.internal.inet.InetAddresses] Is this a loopback interface? false
2025-05-19T18:46:55.078+0700 [DEBUG] [org.gradle.internal.remote.internal.inet.InetAddresses] Adding IP addresses for network interface WAN Miniport (IPv6)-QoS Packet Scheduler-0000
2025-05-19T18:46:55.079+0700 [DEBUG] [org.gradle.internal.remote.internal.inet.InetAddresses] Is this a loopback interface? false
2025-05-19T18:46:55.079+0700 [DEBUG] [org.gradle.internal.remote.internal.inet.InetAddresses] Adding IP addresses for network interface WAN Miniport (Network Monitor)-WFP Native MAC Layer LightWeight Filter-0000
2025-05-19T18:46:55.080+0700 [DEBUG] [org.gradle.internal.remote.internal.inet.InetAddresses] Is this a loopback interface? false
2025-05-19T18:46:55.080+0700 [DEBUG] [org.gradle.internal.remote.internal.inet.InetAddresses] Adding IP addresses for network interface WAN Miniport (Network Monitor)-Npcap Packet Driver (NPCAP)-0000
2025-05-19T18:46:55.081+0700 [DEBUG] [org.gradle.internal.remote.internal.inet.InetAddresses] Is this a loopback interface? false
2025-05-19T18:46:55.081+0700 [DEBUG] [org.gradle.internal.remote.internal.inet.InetAddresses] Adding IP addresses for network interface WAN Miniport (Network Monitor)-QoS Packet Scheduler-0000
2025-05-19T18:46:55.082+0700 [DEBUG] [org.gradle.internal.remote.internal.inet.InetAddresses] Is this a loopback interface? false
2025-05-19T18:46:55.082+0700 [DEBUG] [org.gradle.internal.remote.internal.inet.InetAddresses] Adding IP addresses for network interface Microsoft Kernel Debug Network Adapter
2025-05-19T18:46:55.083+0700 [DEBUG] [org.gradle.internal.remote.internal.inet.InetAddresses] Is this a loopback interface? false
2025-05-19T18:46:55.084+0700 [DEBUG] [org.gradle.internal.remote.internal.inet.InetAddresses] Adding IP addresses for network interface Bluetooth Device (Personal Area Network)
2025-05-19T18:46:55.085+0700 [DEBUG] [org.gradle.internal.remote.internal.inet.InetAddresses] Is this a loopback interface? false
2025-05-19T18:46:55.085+0700 [DEBUG] [org.gradle.internal.remote.internal.inet.InetAddresses] Adding remote address /fe80:0:0:0:7101:54c6:c7ee:93a9%ethernet_32769
2025-05-19T18:46:55.086+0700 [DEBUG] [org.gradle.internal.remote.internal.inet.InetAddresses] Adding IP addresses for network interface WAN Miniport (IP)
2025-05-19T18:46:55.086+0700 [DEBUG] [org.gradle.internal.remote.internal.inet.InetAddresses] Is this a loopback interface? false
2025-05-19T18:46:55.086+0700 [DEBUG] [org.gradle.internal.remote.internal.inet.InetAddresses] Adding IP addresses for network interface WAN Miniport (IPv6)
2025-05-19T18:46:55.087+0700 [DEBUG] [org.gradle.internal.remote.internal.inet.InetAddresses] Is this a loopback interface? false
2025-05-19T18:46:55.087+0700 [DEBUG] [org.gradle.internal.remote.internal.inet.InetAddresses] Adding IP addresses for network interface WAN Miniport (Network Monitor)
2025-05-19T18:46:55.088+0700 [DEBUG] [org.gradle.internal.remote.internal.inet.InetAddresses] Is this a loopback interface? false
2025-05-19T18:46:55.088+0700 [DEBUG] [org.gradle.internal.remote.internal.inet.InetAddresses] Adding IP addresses for network interface USB to Ethernet Adapter
2025-05-19T18:46:55.089+0700 [DEBUG] [org.gradle.internal.remote.internal.inet.InetAddresses] Is this a loopback interface? false
2025-05-19T18:46:55.089+0700 [DEBUG] [org.gradle.internal.remote.internal.inet.InetAddresses] Adding IP addresses for network interface ZeroTier Virtual Port
2025-05-19T18:46:55.090+0700 [DEBUG] [org.gradle.internal.remote.internal.inet.InetAddresses] Is this a loopback interface? false
2025-05-19T18:46:55.091+0700 [DEBUG] [org.gradle.internal.remote.internal.inet.InetAddresses] Adding remote address /fe80:0:0:0:198:935e:c21f:6283%ethernet_32777
2025-05-19T18:46:55.091+0700 [DEBUG] [org.gradle.internal.remote.internal.inet.InetAddresses] Adding remote address /192.168.195.173
2025-05-19T18:46:55.092+0700 [DEBUG] [org.gradle.internal.remote.internal.inet.InetAddresses] Adding IP addresses for network interface WAN Miniport (PPPOE)
2025-05-19T18:46:55.092+0700 [DEBUG] [org.gradle.internal.remote.internal.inet.InetAddresses] Is this a loopback interface? false
2025-05-19T18:46:55.093+0700 [DEBUG] [org.gradle.internal.remote.internal.inet.InetAddresses] Adding IP addresses for network interface Software Loopback Interface 1
2025-05-19T18:46:55.094+0700 [DEBUG] [org.gradle.internal.remote.internal.inet.InetAddresses] Is this a loopback interface? true
2025-05-19T18:46:55.095+0700 [DEBUG] [org.gradle.internal.remote.internal.inet.InetAddresses] Adding loopback address /0:0:0:0:0:0:0:1
2025-05-19T18:46:55.095+0700 [DEBUG] [org.gradle.internal.remote.internal.inet.InetAddresses] Adding loopback address /127.0.0.1
2025-05-19T18:46:55.096+0700 [DEBUG] [org.gradle.internal.remote.internal.inet.InetAddresses] Adding IP addresses for network interface ExpressVPN TUN Driver-Npcap Packet Driver (NPCAP)-0000
2025-05-19T18:46:55.096+0700 [DEBUG] [org.gradle.internal.remote.internal.inet.InetAddresses] Is this a loopback interface? false
2025-05-19T18:46:55.097+0700 [DEBUG] [org.gradle.internal.remote.internal.inet.InetAddresses] Adding IP addresses for network interface TAP-Windows Adapter V9-WFP Native MAC Layer LightWeight Filter-0000
2025-05-19T18:46:55.097+0700 [DEBUG] [org.gradle.internal.remote.internal.inet.InetAddresses] Is this a loopback interface? false
2025-05-19T18:46:55.098+0700 [DEBUG] [org.gradle.internal.remote.internal.inet.InetAddresses] Adding IP addresses for network interface TAP-Windows Adapter V9-Npcap Packet Driver (NPCAP)-0000
2025-05-19T18:46:55.098+0700 [DEBUG] [org.gradle.internal.remote.internal.inet.InetAddresses] Is this a loopback interface? false
2025-05-19T18:46:55.098+0700 [DEBUG] [org.gradle.internal.remote.internal.inet.InetAddresses] Adding IP addresses for network interface TAP-Windows Adapter V9-QoS Packet Scheduler-0000
2025-05-19T18:46:55.099+0700 [DEBUG] [org.gradle.internal.remote.internal.inet.InetAddresses] Is this a loopback interface? false
2025-05-19T18:46:55.099+0700 [DEBUG] [org.gradle.internal.remote.internal.inet.InetAddresses] Adding IP addresses for network interface TAP-Windows Adapter V9-WFP 802.3 MAC Layer LightWeight Filter-0000
2025-05-19T18:46:55.101+0700 [DEBUG] [org.gradle.internal.remote.internal.inet.InetAddresses] Is this a loopback interface? false
2025-05-19T18:46:55.101+0700 [DEBUG] [org.gradle.internal.remote.internal.inet.InetAddresses] Adding IP addresses for network interface ExpressVPN TUN Driver
2025-05-19T18:46:55.102+0700 [DEBUG] [org.gradle.internal.remote.internal.inet.InetAddresses] Is this a loopback interface? false
2025-05-19T18:46:55.103+0700 [DEBUG] [org.gradle.internal.remote.internal.inet.InetAddresses] Adding remote address /fe80:0:0:0:32eb:56e9:68e:eb78%iftype53_32768
2025-05-19T18:46:55.103+0700 [DEBUG] [org.gradle.internal.remote.internal.inet.InetAddresses] Adding IP addresses for network interface TAP-Windows Adapter V9
2025-05-19T18:46:55.104+0700 [DEBUG] [org.gradle.internal.remote.internal.inet.InetAddresses] Is this a loopback interface? false
2025-05-19T18:46:55.104+0700 [DEBUG] [org.gradle.internal.remote.internal.inet.InetAddresses] Adding remote address /fe80:0:0:0:bf14:c018:d9f1:f3d2%iftype53_32769
2025-05-19T18:46:55.104+0700 [DEBUG] [org.gradle.internal.remote.internal.inet.InetAddresses] Adding IP addresses for network interface Realtek RTL8852BE-VS WiFi 6 802.11ax PCIe Adapter-WFP Native MAC Layer LightWeight Filter-0000
2025-05-19T18:46:55.105+0700 [DEBUG] [org.gradle.internal.remote.internal.inet.InetAddresses] Is this a loopback interface? false
2025-05-19T18:46:55.106+0700 [DEBUG] [org.gradle.internal.remote.internal.inet.InetAddresses] Adding IP addresses for network interface Realtek RTL8852BE-VS WiFi 6 802.11ax PCIe Adapter-Virtual WiFi Filter Driver-0000
2025-05-19T18:46:55.106+0700 [DEBUG] [org.gradle.internal.remote.internal.inet.InetAddresses] Is this a loopback interface? false
2025-05-19T18:46:55.106+0700 [DEBUG] [org.gradle.internal.remote.internal.inet.InetAddresses] Adding IP addresses for network interface Realtek RTL8852BE-VS WiFi 6 802.11ax PCIe Adapter-Native WiFi Filter Driver-0000
2025-05-19T18:46:55.107+0700 [DEBUG] [org.gradle.internal.remote.internal.inet.InetAddresses] Is this a loopback interface? false
2025-05-19T18:46:55.107+0700 [DEBUG] [org.gradle.internal.remote.internal.inet.InetAddresses] Adding IP addresses for network interface Realtek RTL8852BE-VS WiFi 6 802.11ax PCIe Adapter-Npcap Packet Driver (NPCAP)-0000
2025-05-19T18:46:55.108+0700 [DEBUG] [org.gradle.internal.remote.internal.inet.InetAddresses] Is this a loopback interface? false
2025-05-19T18:46:55.108+0700 [DEBUG] [org.gradle.internal.remote.internal.inet.InetAddresses] Adding IP addresses for network interface Realtek RTL8852BE-VS WiFi 6 802.11ax PCIe Adapter-QoS Packet Scheduler-0000
2025-05-19T18:46:55.109+0700 [DEBUG] [org.gradle.internal.remote.internal.inet.InetAddresses] Is this a loopback interface? false
2025-05-19T18:46:55.109+0700 [DEBUG] [org.gradle.internal.remote.internal.inet.InetAddresses] Adding IP addresses for network interface Realtek RTL8852BE-VS WiFi 6 802.11ax PCIe Adapter-WFP 802.3 MAC Layer LightWeight Filter-0000
2025-05-19T18:46:55.109+0700 [DEBUG] [org.gradle.internal.remote.internal.inet.InetAddresses] Is this a loopback interface? false
2025-05-19T18:46:55.110+0700 [DEBUG] [org.gradle.internal.remote.internal.inet.InetAddresses] Adding IP addresses for network interface Microsoft Wi-Fi Direct Virtual Adapter-WFP Native MAC Layer LightWeight Filter-0000
2025-05-19T18:46:55.110+0700 [DEBUG] [org.gradle.internal.remote.internal.inet.InetAddresses] Is this a loopback interface? false
2025-05-19T18:46:55.110+0700 [DEBUG] [org.gradle.internal.remote.internal.inet.InetAddresses] Adding IP addresses for network interface Microsoft Wi-Fi Direct Virtual Adapter-Native WiFi Filter Driver-0000
2025-05-19T18:46:55.111+0700 [DEBUG] [org.gradle.internal.remote.internal.inet.InetAddresses] Is this a loopback interface? false
2025-05-19T18:46:55.111+0700 [DEBUG] [org.gradle.internal.remote.internal.inet.InetAddresses] Adding IP addresses for network interface Microsoft Wi-Fi Direct Virtual Adapter-Npcap Packet Driver (NPCAP)-0000
2025-05-19T18:46:55.111+0700 [DEBUG] [org.gradle.internal.remote.internal.inet.InetAddresses] Is this a loopback interface? false
2025-05-19T18:46:55.112+0700 [DEBUG] [org.gradle.internal.remote.internal.inet.InetAddresses] Adding IP addresses for network interface Microsoft Wi-Fi Direct Virtual Adapter-QoS Packet Scheduler-0000
2025-05-19T18:46:55.112+0700 [DEBUG] [org.gradle.internal.remote.internal.inet.InetAddresses] Is this a loopback interface? false
2025-05-19T18:46:55.112+0700 [DEBUG] [org.gradle.internal.remote.internal.inet.InetAddresses] Adding IP addresses for network interface Microsoft Wi-Fi Direct Virtual Adapter-WFP 802.3 MAC Layer LightWeight Filter-0000
2025-05-19T18:46:55.113+0700 [DEBUG] [org.gradle.internal.remote.internal.inet.InetAddresses] Is this a loopback interface? false
2025-05-19T18:46:55.113+0700 [DEBUG] [org.gradle.internal.remote.internal.inet.InetAddresses] Adding IP addresses for network interface Microsoft Wi-Fi Direct Virtual Adapter #3-WFP Native MAC Layer LightWeight Filter-0000
2025-05-19T18:46:55.114+0700 [DEBUG] [org.gradle.internal.remote.internal.inet.InetAddresses] Is this a loopback interface? false
2025-05-19T18:46:55.114+0700 [DEBUG] [org.gradle.internal.remote.internal.inet.InetAddresses] Adding IP addresses for network interface Microsoft Wi-Fi Direct Virtual Adapter #3-Native WiFi Filter Driver-0000
2025-05-19T18:46:55.114+0700 [DEBUG] [org.gradle.internal.remote.internal.inet.InetAddresses] Is this a loopback interface? false
2025-05-19T18:46:55.115+0700 [DEBUG] [org.gradle.internal.remote.internal.inet.InetAddresses] Adding IP addresses for network interface Microsoft Wi-Fi Direct Virtual Adapter #3-Npcap Packet Driver (NPCAP)-0000
2025-05-19T18:46:55.115+0700 [DEBUG] [org.gradle.internal.remote.internal.inet.InetAddresses] Is this a loopback interface? false
2025-05-19T18:46:55.115+0700 [DEBUG] [org.gradle.internal.remote.internal.inet.InetAddresses] Adding IP addresses for network interface Microsoft Wi-Fi Direct Virtual Adapter #3-QoS Packet Scheduler-0000
2025-05-19T18:46:55.116+0700 [DEBUG] [org.gradle.internal.remote.internal.inet.InetAddresses] Is this a loopback interface? false
2025-05-19T18:46:55.116+0700 [DEBUG] [org.gradle.internal.remote.internal.inet.InetAddresses] Adding IP addresses for network interface Microsoft Wi-Fi Direct Virtual Adapter #3-WFP 802.3 MAC Layer LightWeight Filter-0000
2025-05-19T18:46:55.116+0700 [DEBUG] [org.gradle.internal.remote.internal.inet.InetAddresses] Is this a loopback interface? false
2025-05-19T18:46:55.117+0700 [DEBUG] [org.gradle.internal.remote.internal.inet.InetAddresses] Adding IP addresses for network interface Realtek RTL8852BE-VS WiFi 6 802.11ax PCIe Adapter
2025-05-19T18:46:55.117+0700 [DEBUG] [org.gradle.internal.remote.internal.inet.InetAddresses] Is this a loopback interface? false
2025-05-19T18:46:55.117+0700 [DEBUG] [org.gradle.internal.remote.internal.inet.InetAddresses] Adding remote address /fe80:0:0:0:203c:eb97:6e57:f64f%wireless_32768
2025-05-19T18:46:55.118+0700 [DEBUG] [org.gradle.internal.remote.internal.inet.InetAddresses] Adding remote address /10.10.10.100
2025-05-19T18:46:55.118+0700 [DEBUG] [org.gradle.internal.remote.internal.inet.InetAddresses] Adding IP addresses for network interface Microsoft Wi-Fi Direct Virtual Adapter
2025-05-19T18:46:55.119+0700 [DEBUG] [org.gradle.internal.remote.internal.inet.InetAddresses] Is this a loopback interface? false
2025-05-19T18:46:55.120+0700 [DEBUG] [org.gradle.internal.remote.internal.inet.InetAddresses] Adding remote address /fe80:0:0:0:b8ea:eefb:ed1c:486e%wireless_32769
2025-05-19T18:46:55.120+0700 [DEBUG] [org.gradle.internal.remote.internal.inet.InetAddresses] Adding IP addresses for network interface Microsoft Wi-Fi Direct Virtual Adapter #3
2025-05-19T18:46:55.120+0700 [DEBUG] [org.gradle.internal.remote.internal.inet.InetAddresses] Is this a loopback interface? false
2025-05-19T18:46:55.121+0700 [DEBUG] [org.gradle.internal.remote.internal.inet.InetAddresses] Adding remote address /fe80:0:0:0:cb9:9d22:b6c7:5d60%wireless_32771
2025-05-19T18:46:55.121+0700 [DEBUG] [org.gradle.internal.remote.internal.inet.InetAddresses] Adding IP addresses for network interface Microsoft Teredo Tunneling Adapter
2025-05-19T18:46:55.121+0700 [DEBUG] [org.gradle.internal.remote.internal.inet.InetAddresses] Is this a loopback interface? false
2025-05-19T18:46:55.122+0700 [DEBUG] [org.gradle.internal.remote.internal.inet.InetAddresses] Adding IP addresses for network interface Microsoft IP-HTTPS Platform Adapter
2025-05-19T18:46:55.122+0700 [DEBUG] [org.gradle.internal.remote.internal.inet.InetAddresses] Is this a loopback interface? false
2025-05-19T18:46:55.122+0700 [DEBUG] [org.gradle.internal.remote.internal.inet.InetAddresses] Adding IP addresses for network interface Microsoft 6to4 Adapter
2025-05-19T18:46:55.123+0700 [DEBUG] [org.gradle.internal.remote.internal.inet.InetAddresses] Is this a loopback interface? false
2025-05-19T18:46:55.123+0700 [DEBUG] [org.gradle.internal.remote.internal.inet.InetAddresses] Adding IP addresses for network interface WAN Miniport (SSTP)
2025-05-19T18:46:55.124+0700 [DEBUG] [org.gradle.internal.remote.internal.inet.InetAddresses] Is this a loopback interface? false
2025-05-19T18:46:55.124+0700 [DEBUG] [org.gradle.internal.remote.internal.inet.InetAddresses] Adding IP addresses for network interface WAN Miniport (IKEv2)
2025-05-19T18:46:55.124+0700 [DEBUG] [org.gradle.internal.remote.internal.inet.InetAddresses] Is this a loopback interface? false
2025-05-19T18:46:55.125+0700 [DEBUG] [org.gradle.internal.remote.internal.inet.InetAddresses] Adding IP addresses for network interface WAN Miniport (L2TP)
2025-05-19T18:46:55.125+0700 [DEBUG] [org.gradle.internal.remote.internal.inet.InetAddresses] Is this a loopback interface? false
2025-05-19T18:46:55.125+0700 [DEBUG] [org.gradle.internal.remote.internal.inet.InetAddresses] Adding IP addresses for network interface WAN Miniport (PPTP)
2025-05-19T18:46:55.126+0700 [DEBUG] [org.gradle.internal.remote.internal.inet.InetAddresses] Is this a loopback interface? false
2025-05-19T18:46:55.131+0700 [DEBUG] [org.gradle.internal.remote.internal.inet.TcpIncomingConnector] Listening on [ce702541-2fb5-43ab-ac03-14217e91bca3 port:55898, addresses:[localhost/127.0.0.1]].
2025-05-19T18:46:55.172+0700 [DEBUG] [org.gradle.launcher.daemon.server.Daemon] Daemon starting at: Mon May 19 18:46:55 WIB 2025, with address: [ce702541-2fb5-43ab-ac03-14217e91bca3 port:55898, addresses:[localhost/127.0.0.1]]
2025-05-19T18:46:55.174+0700 [INFO] [org.gradle.launcher.daemon.server.DaemonRegistryUpdater] Advertising the daemon address to the clients: [ce702541-2fb5-43ab-ac03-14217e91bca3 port:55898, addresses:[localhost/127.0.0.1]]
2025-05-19T18:46:55.174+0700 [DEBUG] [org.gradle.launcher.daemon.server.DaemonRegistryUpdater] Advertised daemon context: DefaultDaemonContext[uid=129c9fdf-3f02-405c-81d7-74191519b1b7,javaHome=C:\Program Files\Android\Android Studio\jbr,daemonRegistryDir=C:\Users\Kjkiong\AndroidStudioProjects\Muttawif\daemon,pid=36004,idleTimeout=10800000,priority=NORMAL,applyInstrumentationAgent=true,daemonOpts=--add-opens=java.base/java.util=ALL-UNNAMED,--add-opens=java.base/java.lang=ALL-UNNAMED,--add-opens=java.base/java.lang.invoke=ALL-UNNAMED,--add-opens=java.prefs/java.util.prefs=ALL-UNNAMED,--add-opens=java.base/java.nio.charset=ALL-UNNAMED,--add-opens=java.base/java.net=ALL-UNNAMED,--add-opens=java.base/java.util.concurrent.atomic=ALL-UNNAMED,-Xmx2048m,-Dfile.encoding=UTF-8,-Duser.country=ID,-Duser.language=en,-Duser.variant]
2025-05-19T18:46:55.176+0700 [DEBUG] [org.gradle.launcher.daemon.registry.PersistentDaemonRegistry] Storing daemon address: [ce702541-2fb5-43ab-ac03-14217e91bca3 port:55898, addresses:[localhost/127.0.0.1]], context: DefaultDaemonContext[uid=129c9fdf-3f02-405c-81d7-74191519b1b7,javaHome=C:\Program Files\Android\Android Studio\jbr,daemonRegistryDir=C:\Users\Kjkiong\AndroidStudioProjects\Muttawif\daemon,pid=36004,idleTimeout=10800000,priority=NORMAL,applyInstrumentationAgent=true,daemonOpts=--add-opens=java.base/java.util=ALL-UNNAMED,--add-opens=java.base/java.lang=ALL-UNNAMED,--add-opens=java.base/java.lang.invoke=ALL-UNNAMED,--add-opens=java.prefs/java.util.prefs=ALL-UNNAMED,--add-opens=java.base/java.nio.charset=ALL-UNNAMED,--add-opens=java.base/java.net=ALL-UNNAMED,--add-opens=java.base/java.util.concurrent.atomic=ALL-UNNAMED,-Xmx2048m,-Dfile.encoding=UTF-8,-Duser.country=ID,-Duser.language=en,-Duser.variant]
2025-05-19T18:46:55.202+0700 [DEBUG] [org.gradle.cache.internal.DefaultFileLockManager] Waiting to acquire exclusive lock on daemon addresses registry.
2025-05-19T18:46:55.211+0700 [DEBUG] [org.gradle.cache.internal.DefaultFileLockManager] Lock acquired on daemon addresses registry.
2025-05-19T18:46:55.222+0700 [DEBUG] [org.gradle.cache.internal.DefaultFileLockManager] Releasing lock on daemon addresses registry.
2025-05-19T18:46:55.224+0700 [LIFECYCLE] [org.gradle.launcher.daemon.server.Daemon] Daemon server started.
2025-05-19T18:46:55.227+0700 [DEBUG] [org.gradle.launcher.daemon.bootstrap.DaemonStartupCommunication] Completed writing the daemon greeting. Closing streams...
2025-05-19T18:46:55.237+0700 [DEBUG] [org.gradle.launcher.daemon.server.Daemon] stopOnExpiration() called on daemon
2025-05-19T18:46:55.239+0700 [DEBUG] [org.gradle.launcher.daemon.server.Daemon] awaitExpiration() called on daemon
2025-05-19T18:46:55.240+0700 [DEBUG] [org.gradle.launcher.daemon.server.DaemonStateCoordinator] daemon is running. Sleeping until state changes.
2025-05-19T18:46:55.258+0700 [DEBUG] [org.gradle.internal.remote.internal.inet.TcpIncomingConnector] Accepted connection from /127.0.0.1:55899 to /127.0.0.1:55898.
2025-05-19T18:46:55.411+0700 [DEBUG] [org.gradle.launcher.daemon.server.SynchronizedDispatchConnection] thread 40: received class org.gradle.launcher.daemon.protocol.Build
2025-05-19T18:46:55.412+0700 [DEBUG] [org.gradle.launcher.daemon.server.DefaultDaemonConnection] thread 40: Received non-IO message from client: Build{id=72723dba-4855-4913-92c6-4bad66d3826c, currentDir=C:\Users\Kjkiong\AndroidStudioProjects\Muttawif}
2025-05-19T18:46:55.412+0700 [INFO] [org.gradle.launcher.daemon.server.DefaultIncomingConnectionHandler] Received command: Build{id=72723dba-4855-4913-92c6-4bad66d3826c, currentDir=C:\Users\Kjkiong\AndroidStudioProjects\Muttawif}.
2025-05-19T18:46:55.413+0700 [DEBUG] [org.gradle.launcher.daemon.server.DefaultIncomingConnectionHandler] Starting executing command: Build{id=72723dba-4855-4913-92c6-4bad66d3826c, currentDir=C:\Users\Kjkiong\AndroidStudioProjects\Muttawif} with connection: socket connection from /127.0.0.1:55898 to /127.0.0.1:55899.
2025-05-19T18:46:55.418+0700 [DEBUG] [org.gradle.launcher.daemon.server.DaemonStateCoordinator] Command execution: started DaemonCommandExecution[command = Build{id=72723dba-4855-4913-92c6-4bad66d3826c, currentDir=C:\Users\Kjkiong\AndroidStudioProjects\Muttawif}, connection = DefaultDaemonConnection: socket connection from /127.0.0.1:55898 to /127.0.0.1:55899] after 0.0 minutes of idle
2025-05-19T18:46:55.419+0700 [INFO] [org.gradle.launcher.daemon.server.DaemonRegistryUpdater] Marking the daemon as busy, address: [ce702541-2fb5-43ab-ac03-14217e91bca3 port:55898, addresses:[localhost/127.0.0.1]]
2025-05-19T18:46:55.419+0700 [DEBUG] [org.gradle.launcher.daemon.registry.PersistentDaemonRegistry] Marking busy by address: [ce702541-2fb5-43ab-ac03-14217e91bca3 port:55898, addresses:[localhost/127.0.0.1]]
2025-05-19T18:46:55.422+0700 [DEBUG] [org.gradle.cache.internal.DefaultFileLockManager] Waiting to acquire exclusive lock on daemon addresses registry.
2025-05-19T18:46:55.423+0700 [DEBUG] [org.gradle.cache.internal.DefaultFileLockManager] Lock acquired on daemon addresses registry.
2025-05-19T18:46:55.427+0700 [DEBUG] [org.gradle.cache.internal.DefaultFileLockManager] Releasing lock on daemon addresses registry.
2025-05-19T18:46:55.428+0700 [DEBUG] [org.gradle.launcher.daemon.server.DaemonStateCoordinator] resetting idle timer
2025-05-19T18:46:55.429+0700 [DEBUG] [org.gradle.launcher.daemon.server.DaemonStateCoordinator] daemon is running. Sleeping until state changes.
2025-05-19T18:46:55.430+0700 [INFO] [org.gradle.launcher.daemon.server.exec.StartBuildOrRespondWithBusy] Daemon is about to start building Build{id=72723dba-4855-4913-92c6-4bad66d3826c, currentDir=C:\Users\Kjkiong\AndroidStudioProjects\Muttawif}. Dispatching build started information...
2025-05-19T18:46:55.430+0700 [DEBUG] [org.gradle.launcher.daemon.server.SynchronizedDispatchConnection] thread 42: dispatching org.gradle.launcher.daemon.protocol.BuildStarted@20c0a3c5
2025-05-19T18:46:55.434+0700 [DEBUG] [org.gradle.launcher.daemon.server.exec.EstablishBuildEnvironment] Configuring env variables: [USERDOMAIN_ROAMINGPROFILE, PROCESSOR_LEVEL, RegionCode, SESSIONNAME, ALLUSERSPROFILE, PROCESSOR_ARCHITECTURE, PSModulePath, SystemDrive, PT8HOME, USERNAME, ProgramFiles(x86), FPS_BROWSER_USER_PROFILE_STRING, PATHEXT, DriverData, platformcode, ProgramData, ProgramW6432, HOMEPATH, EFC_9180_3789132940, PROCESSOR_IDENTIFIER, ProgramFiles, PUBLIC, windir, =::, LOCALAPPDATA, USERDOMAIN, LOGONSERVER, FPS_BROWSER_APP_PROFILE_STRING, EFC_9180_1592913036, asl.log, OneDrive, APPDATA, VBOX_HWVIRTEX_IGNORE_SVM_IN_USE, VBOX_MSI_INSTALL_PATH, CommonProgramFiles, Path, OS, COMPUTERNAME, EFC_9180_2775293581, OnlineServices, PROCESSOR_REVISION, CommonProgramW6432, ComSpec, TEMP, SystemRoot, HOMEDRIVE, USERPROFILE, TMP, CommonProgramFiles(x86), EFC_9180_2283032206, EFC_9180_1262719628, NUMBER_OF_PROCESSORS]
2025-05-19T18:46:55.437+0700 [DEBUG] [org.gradle.launcher.daemon.server.SynchronizedDispatchConnection] thread 40: received class org.gradle.launcher.daemon.protocol.CloseInput
2025-05-19T18:46:55.437+0700 [DEBUG] [org.gradle.launcher.daemon.server.DefaultDaemonConnection] thread 40: Received IO message from client: org.gradle.launcher.daemon.protocol.CloseInput@1bd54d3d
2025-05-19T18:46:55.443+0700 [DEBUG] [org.gradle.launcher.daemon.server.exec.LogToClient] About to start relaying all logs to the client via the connection.
2025-05-19T18:46:55.444+0700 [INFO] [org.gradle.launcher.daemon.server.exec.LogToClient] The client will now receive all logging from the daemon (pid: 36004). The daemon log file: C:\Users\Kjkiong\AndroidStudioProjects\Muttawif\daemon\8.7\daemon-36004.out.log
2025-05-19T18:46:55.448+0700 [INFO] [org.gradle.launcher.daemon.server.exec.LogAndCheckHealth] Starting build in new daemon [memory: 2 GiB]
2025-05-19T18:46:55.450+0700 [INFO] [org.gradle.launcher.daemon.server.exec.ForwardClientInput] Closing daemon's stdin at end of input.
2025-05-19T18:46:55.450+0700 [INFO] [org.gradle.launcher.daemon.server.exec.ForwardClientInput] The daemon will no longer process any standard input.
2025-05-19T18:46:55.452+0700 [DEBUG] [org.gradle.launcher.daemon.server.exec.ExecuteBuild] The daemon has started executing the build.
2025-05-19T18:46:55.453+0700 [DEBUG] [org.gradle.launcher.daemon.server.exec.ExecuteBuild] Executing build with daemon context: DefaultDaemonContext[uid=129c9fdf-3f02-405c-81d7-74191519b1b7,javaHome=C:\Program Files\Android\Android Studio\jbr,daemonRegistryDir=C:\Users\Kjkiong\AndroidStudioProjects\Muttawif\daemon,pid=36004,idleTimeout=10800000,priority=NORMAL,applyInstrumentationAgent=true,daemonOpts=--add-opens=java.base/java.util=ALL-UNNAMED,--add-opens=java.base/java.lang=ALL-UNNAMED,--add-opens=java.base/java.lang.invoke=ALL-UNNAMED,--add-opens=java.prefs/java.util.prefs=ALL-UNNAMED,--add-opens=java.base/java.nio.charset=ALL-UNNAMED,--add-opens=java.base/java.net=ALL-UNNAMED,--add-opens=java.base/java.util.concurrent.atomic=ALL-UNNAMED,-Xmx2048m,-Dfile.encoding=UTF-8,-Duser.country=ID,-Duser.language=en,-Duser.variant]
AGPBI: {"kind":"warning","text":"We recommend using a newer Android Gradle plugin to use compileSdk = 35\n\nThis Android Gradle plugin (8.5.0) was tested up to compileSdk = 34.\n\nYou are strongly encouraged to update your project to use a newer\nAndroid Gradle plugin that has been tested with compileSdk = 35.\n\nIf you are already using the latest version of the Android Gradle plugin,\nyou may need to wait until a newer version with support for compileSdk = 35 is available.\n\nFor more information refer to the compatibility table:\nhttps://d.android.com/r/tools/api-level-support\n\nTo suppress this warning, add/update\n    android.suppressUnsupportedCompileSdk=35\nto this project's gradle.properties.","sources":[{}]}
Java compiler version 21 has deprecated support for compiling with source/target version 8.
Try one of the following options:
    1. [Recommended] Use Java toolchain with a lower language version
    2. Set a higher source/target version
    3. Use a lower version of the JDK running the build (if you're not using Java toolchain)
For more details on how to configure these settings, see https://developer.android.com/build/jdks.
To suppress this warning, set android.javaCompile.suppressSourceTargetDeprecationWarning=true in gradle.properties.
warning: [options] source value 8 is obsolete and will be removed in a future release
warning: [options] target value 8 is obsolete and will be removed in a future release
warning: [options] To suppress warnings about obsolete options, use -Xlint:-options.
3 warnings
Java compiler version 21 has deprecated support for compiling with source/target version 8.
Try one of the following options:
    1. [Recommended] Use Java toolchain with a lower language version
    2. Set a higher source/target version
    3. Use a lower version of the JDK running the build (if you're not using Java toolchain)
For more details on how to configure these settings, see https://developer.android.com/build/jdks.
To suppress this warning, set android.javaCompile.suppressSourceTargetDeprecationWarning=true in gradle.properties.
warning: [options] source value 8 is obsolete and will be removed in a future release
warning: [options] target value 8 is obsolete and will be removed in a future release
warning: [options] To suppress warnings about obsolete options, use -Xlint:-options.
3 warnings

BUILD SUCCESSFUL in 53s
60 actionable tasks: 35 executed, 25 up-to-date
2025-05-19T18:47:44.208+0700 [DEBUG] [org.gradle.launcher.daemon.server.exec.ExecuteBuild] The daemon has finished executing the build.
2025-05-19T18:47:44.225+0700 [DEBUG] [org.gradle.launcher.daemon.server.DaemonStateCoordinator] daemon is running. Sleeping until state changes.
2025-05-19T18:47:44.226+0700 [DEBUG] [org.gradle.launcher.daemon.server.DaemonStateCoordinator] Command execution: finished waiting for DaemonCommandExecution[command = Build{id=72723dba-4855-4913-92c6-4bad66d3826c, currentDir=C:\Users\Kjkiong\AndroidStudioProjects\Muttawif}, connection = DefaultDaemonConnection: socket connection from /127.0.0.1:55898 to /127.0.0.1:55899]. Result org.gradle.launcher.daemon.server.DaemonStateCoordinator@484647cd with state Busy
2025-05-19T18:47:44.227+0700 [DEBUG] [org.gradle.launcher.daemon.server.DaemonStateCoordinator] Command execution: completed DaemonCommandExecution[command = Build{id=72723dba-4855-4913-92c6-4bad66d3826c, currentDir=C:\Users\Kjkiong\AndroidStudioProjects\Muttawif}, connection = DefaultDaemonConnection: socket connection from /127.0.0.1:55898 to /127.0.0.1:55899]
2025-05-19T18:47:44.227+0700 [DEBUG] [org.gradle.launcher.daemon.server.DaemonStateCoordinator] resetting idle timer
2025-05-19T18:47:44.227+0700 [INFO] [org.gradle.launcher.daemon.server.DaemonRegistryUpdater] Marking the daemon as idle, address: [ce702541-2fb5-43ab-ac03-14217e91bca3 port:55898, addresses:[localhost/127.0.0.1]]
2025-05-19T18:47:44.228+0700 [DEBUG] [org.gradle.launcher.daemon.registry.PersistentDaemonRegistry] Marking busy by address: [ce702541-2fb5-43ab-ac03-14217e91bca3 port:55898, addresses:[localhost/127.0.0.1]]
2025-05-19T18:47:44.231+0700 [DEBUG] [org.gradle.cache.internal.DefaultFileLockManager] Waiting to acquire exclusive lock on daemon addresses registry.
2025-05-19T18:47:44.233+0700 [DEBUG] [org.gradle.cache.internal.DefaultFileLockManager] Lock acquired on daemon addresses registry.
2025-05-19T18:47:44.249+0700 [DEBUG] [org.gradle.cache.internal.DefaultFileLockManager] Releasing lock on daemon addresses registry.
2025-05-19T18:47:44.251+0700 [DEBUG] [org.gradle.launcher.daemon.server.DaemonStateCoordinator] daemon is running. Sleeping until state changes.
2025-05-19T18:47:44.251+0700 [DEBUG] [org.gradle.launcher.daemon.server.exec.ReturnResult] Daemon is dispatching the build result: Success[value=org.gradle.launcher.exec.BuildActionResult@58836f52]
2025-05-19T18:47:44.252+0700 [DEBUG] [org.gradle.launcher.daemon.server.SynchronizedDispatchConnection] thread 39: dispatching Success[value=org.gradle.launcher.exec.BuildActionResult@58836f52]
2025-05-19T18:47:44.257+0700 [DEBUG] [org.gradle.launcher.daemon.server.SynchronizedDispatchConnection] thread 40: received class org.gradle.launcher.daemon.protocol.Finished
2025-05-19T18:47:44.257+0700 [DEBUG] [org.gradle.launcher.daemon.server.DefaultDaemonConnection] thread 40: Received non-IO message from client: org.gradle.launcher.daemon.protocol.Finished@43c1ce09
2025-05-19T18:47:44.258+0700 [DEBUG] [org.gradle.internal.remote.internal.inet.SocketConnection] Discarding EOFException: java.io.EOFException
2025-05-19T18:47:44.259+0700 [DEBUG] [org.gradle.launcher.daemon.server.SynchronizedDispatchConnection] thread 40: received null
2025-05-19T18:47:44.259+0700 [DEBUG] [org.gradle.launcher.daemon.server.DefaultDaemonConnection] thread 40: Received end-of-input from client.
2025-05-19T18:47:44.262+0700 [DEBUG] [org.gradle.launcher.daemon.server.exec.CleanUpVirtualFileSystemAfterBuild] Cleaning virtual file system after build finished
2025-05-19T18:47:44.262+0700 [DEBUG] [org.gradle.launcher.daemon.server.DefaultIncomingConnectionHandler] Finishing executing command: Build{id=72723dba-4855-4913-92c6-4bad66d3826c, currentDir=C:\Users\Kjkiong\AndroidStudioProjects\Muttawif}
2025-05-19T18:47:44.263+0700 [WARN] [org.gradle.launcher.daemon.server.DefaultIncomingConnectionHandler] Timed out waiting for finished message from client socket connection from /127.0.0.1:55898 to /127.0.0.1:55899. Discarding connection.
2025-05-19T18:47:44.264+0700 [DEBUG] [org.gradle.launcher.daemon.server.SynchronizedDispatchConnection] thread 39: stopping connection
2025-05-19T18:47:44.266+0700 [DEBUG] [org.gradle.launcher.daemon.server.SynchronizedDispatchConnection] thread 39: stopping connection
2025-05-19T18:47:45.247+0700 [DEBUG] [org.gradle.cache.internal.DefaultFileLockManager] Waiting to acquire shared lock on daemon addresses registry.
2025-05-19T18:47:45.247+0700 [DEBUG] [org.gradle.cache.internal.DefaultFileLockManager] Lock acquired on daemon addresses registry.
2025-05-19T18:47:45.248+0700 [DEBUG] [org.gradle.cache.internal.DefaultFileLockManager] Releasing lock on daemon addresses registry.
2025-05-19T18:47:45.253+0700 [DEBUG] [org.gradle.cache.internal.DefaultFileLockManager] Waiting to acquire shared lock on daemon addresses registry.
2025-05-19T18:47:45.254+0700 [DEBUG] [org.gradle.cache.internal.DefaultFileLockManager] Lock acquired on daemon addresses registry.
2025-05-19T18:47:45.254+0700 [DEBUG] [org.gradle.cache.internal.DefaultFileLockManager] Releasing lock on daemon addresses registry.
2025-05-19T18:47:47.346+0700 [DEBUG] [org.gradle.process.internal.health.memory.DefaultMemoryManager] 1648675635 physical memory requested, 764502016 free
2025-05-19T18:47:47.346+0700 [DEBUG] [org.gradle.workers.internal.WorkerDaemonExpiration] Will attempt to release 1572 of memory
2025-05-19T18:47:47.346+0700 [DEBUG] [org.gradle.process.internal.health.memory.DefaultMemoryManager] 1648675635 physical memory requested, 0 released, 764502016 free
2025-05-19T18:47:52.333+0700 [DEBUG] [org.gradle.process.internal.health.memory.DefaultMemoryManager] 1648675635 physical memory requested, 910106624 free
2025-05-19T18:47:52.333+0700 [DEBUG] [org.gradle.workers.internal.WorkerDaemonExpiration] Will attempt to release 1572 of memory
2025-05-19T18:47:52.334+0700 [DEBUG] [org.gradle.process.internal.health.memory.DefaultMemoryManager] 1648675635 physical memory requested, 0 released, 910106624 free
2025-05-19T18:47:55.266+0700 [DEBUG] [org.gradle.cache.internal.DefaultFileLockManager] Waiting to acquire shared lock on daemon addresses registry.
2025-05-19T18:47:55.267+0700 [DEBUG] [org.gradle.cache.internal.DefaultFileLockManager] Lock acquired on daemon addresses registry.
2025-05-19T18:47:55.280+0700 [DEBUG] [org.gradle.cache.internal.DefaultFileLockManager] Releasing lock on daemon addresses registry.
2025-05-19T18:47:55.285+0700 [DEBUG] [org.gradle.cache.internal.DefaultFileLockManager] Waiting to acquire shared lock on daemon addresses registry.
2025-05-19T18:47:55.286+0700 [DEBUG] [org.gradle.cache.internal.DefaultFileLockManager] Lock acquired on daemon addresses registry.
2025-05-19T18:47:55.287+0700 [DEBUG] [org.gradle.cache.internal.DefaultFileLockManager] Releasing lock on daemon addresses registry.
2025-05-19T18:47:55.290+0700 [DEBUG] [org.gradle.cache.internal.DefaultFileLockManager] Waiting to acquire shared lock on daemon addresses registry.
2025-05-19T18:47:55.292+0700 [DEBUG] [org.gradle.cache.internal.DefaultFileLockManager] Lock acquired on daemon addresses registry.
2025-05-19T18:47:55.293+0700 [DEBUG] [org.gradle.cache.internal.DefaultFileLockManager] Releasing lock on daemon addresses registry.
2025-05-19T18:47:57.359+0700 [DEBUG] [org.gradle.process.internal.health.memory.DefaultMemoryManager] 1648675635 physical memory requested, 2674688 free
2025-05-19T18:47:57.360+0700 [DEBUG] [org.gradle.workers.internal.WorkerDaemonExpiration] Will attempt to release 1572 of memory
2025-05-19T18:47:57.360+0700 [DEBUG] [org.gradle.process.internal.health.memory.DefaultMemoryManager] 1648675635 physical memory requested, 0 released, 2674688 free
2025-05-19T18:48:02.360+0700 [DEBUG] [org.gradle.process.internal.health.memory.DefaultMemoryManager] 1648675635 physical memory requested, 144474112 free
2025-05-19T18:48:02.361+0700 [DEBUG] [org.gradle.workers.internal.WorkerDaemonExpiration] Will attempt to release 1572 of memory
2025-05-19T18:48:02.361+0700 [DEBUG] [org.gradle.process.internal.health.memory.DefaultMemoryManager] 1648675635 physical memory requested, 0 released, 144474112 free
2025-05-19T18:48:05.253+0700 [DEBUG] [org.gradle.cache.internal.DefaultFileLockManager] Waiting to acquire shared lock on daemon addresses registry.
2025-05-19T18:48:05.254+0700 [DEBUG] [org.gradle.cache.internal.DefaultFileLockManager] Lock acquired on daemon addresses registry.
2025-05-19T18:48:05.255+0700 [DEBUG] [org.gradle.cache.internal.DefaultFileLockManager] Releasing lock on daemon addresses registry.
2025-05-19T18:48:05.259+0700 [DEBUG] [org.gradle.cache.internal.DefaultFileLockManager] Waiting to acquire shared lock on daemon addresses registry.
2025-05-19T18:48:05.259+0700 [DEBUG] [org.gradle.cache.internal.DefaultFileLockManager] Lock acquired on daemon addresses registry.
2025-05-19T18:48:05.260+0700 [DEBUG] [org.gradle.cache.internal.DefaultFileLockManager] Releasing lock on daemon addresses registry.
2025-05-19T18:48:05.263+0700 [DEBUG] [org.gradle.cache.internal.DefaultFileLockManager] Waiting to acquire shared lock on daemon addresses registry.
2025-05-19T18:48:05.264+0700 [DEBUG] [org.gradle.cache.internal.DefaultFileLockManager] Lock acquired on daemon addresses registry.
2025-05-19T18:48:05.265+0700 [DEBUG] [org.gradle.cache.internal.DefaultFileLockManager] Releasing lock on daemon addresses registry.
2025-05-19T18:48:07.332+0700 [DEBUG] [org.gradle.process.internal.health.memory.DefaultMemoryManager] 1648675635 physical memory requested, 697049088 free
2025-05-19T18:48:07.332+0700 [DEBUG] [org.gradle.workers.internal.WorkerDaemonExpiration] Will attempt to release 1572 of memory
2025-05-19T18:48:07.332+0700 [DEBUG] [org.gradle.process.internal.health.memory.DefaultMemoryManager] 1648675635 physical memory requested, 0 released, 697049088 free
2025-05-19T18:48:12.396+0700 [DEBUG] [org.gradle.process.internal.health.memory.DefaultMemoryManager] 1648675635 physical memory requested, 348327936 free
2025-05-19T18:48:12.397+0700 [DEBUG] [org.gradle.workers.internal.WorkerDaemonExpiration] Will attempt to release 1572 of memory
2025-05-19T18:48:12.398+0700 [DEBUG] [org.gradle.process.internal.health.memory.DefaultMemoryManager] 1648675635 physical memory requested, 0 released, 348327936 free
2025-05-19T18:48:15.250+0700 [DEBUG] [org.gradle.cache.internal.DefaultFileLockManager] Waiting to acquire shared lock on daemon addresses registry.
2025-05-19T18:48:15.251+0700 [DEBUG] [org.gradle.cache.internal.DefaultFileLockManager] Lock acquired on daemon addresses registry.
2025-05-19T18:48:15.252+0700 [DEBUG] [org.gradle.cache.internal.DefaultFileLockManager] Releasing lock on daemon addresses registry.
2025-05-19T18:48:15.256+0700 [DEBUG] [org.gradle.cache.internal.DefaultFileLockManager] Waiting to acquire shared lock on daemon addresses registry.
2025-05-19T18:48:15.256+0700 [DEBUG] [org.gradle.cache.internal.DefaultFileLockManager] Lock acquired on daemon addresses registry.
2025-05-19T18:48:15.257+0700 [DEBUG] [org.gradle.cache.internal.DefaultFileLockManager] Releasing lock on daemon addresses registry.
2025-05-19T18:48:15.261+0700 [DEBUG] [org.gradle.cache.internal.DefaultFileLockManager] Waiting to acquire shared lock on daemon addresses registry.
2025-05-19T18:48:15.262+0700 [DEBUG] [org.gradle.cache.internal.DefaultFileLockManager] Lock acquired on daemon addresses registry.
2025-05-19T18:48:15.263+0700 [DEBUG] [org.gradle.cache.internal.DefaultFileLockManager] Releasing lock on daemon addresses registry.
2025-05-19T18:48:17.339+0700 [DEBUG] [org.gradle.process.internal.health.memory.DefaultMemoryManager] 1648675635 physical memory requested, 829026304 free
2025-05-19T18:48:17.340+0700 [DEBUG] [org.gradle.workers.internal.WorkerDaemonExpiration] Will attempt to release 1572 of memory
2025-05-19T18:48:17.340+0700 [DEBUG] [org.gradle.process.internal.health.memory.DefaultMemoryManager] 1648675635 physical memory requested, 0 released, 829026304 free
2025-05-19T18:48:22.338+0700 [DEBUG] [org.gradle.process.internal.health.memory.DefaultMemoryManager] 1648675635 physical memory requested, 543244288 free
2025-05-19T18:48:22.339+0700 [DEBUG] [org.gradle.workers.internal.WorkerDaemonExpiration] Will attempt to release 1572 of memory
2025-05-19T18:48:22.339+0700 [DEBUG] [org.gradle.process.internal.health.memory.DefaultMemoryManager] 1648675635 physical memory requested, 0 released, 543244288 free
2025-05-19T18:48:25.237+0700 [DEBUG] [org.gradle.cache.internal.DefaultFileLockManager] Waiting to acquire shared lock on daemon addresses registry.
2025-05-19T18:48:25.237+0700 [DEBUG] [org.gradle.cache.internal.DefaultFileLockManager] Lock acquired on daemon addresses registry.
2025-05-19T18:48:25.238+0700 [DEBUG] [org.gradle.cache.internal.DefaultFileLockManager] Releasing lock on daemon addresses registry.
2025-05-19T18:48:25.240+0700 [DEBUG] [org.gradle.cache.internal.DefaultFileLockManager] Waiting to acquire shared lock on daemon addresses registry.
2025-05-19T18:48:25.240+0700 [DEBUG] [org.gradle.cache.internal.DefaultFileLockManager] Lock acquired on daemon addresses registry.
2025-05-19T18:48:25.241+0700 [DEBUG] [org.gradle.cache.internal.DefaultFileLockManager] Releasing lock on daemon addresses registry.
2025-05-19T18:48:25.243+0700 [DEBUG] [org.gradle.cache.internal.DefaultFileLockManager] Waiting to acquire shared lock on daemon addresses registry.
2025-05-19T18:48:25.243+0700 [DEBUG] [org.gradle.cache.internal.DefaultFileLockManager] Lock acquired on daemon addresses registry.
2025-05-19T18:48:25.244+0700 [DEBUG] [org.gradle.cache.internal.DefaultFileLockManager] Releasing lock on daemon addresses registry.
2025-05-19T18:48:27.336+0700 [DEBUG] [org.gradle.process.internal.health.memory.DefaultMemoryManager] 1648675635 physical memory requested, 898002944 free
2025-05-19T18:48:27.337+0700 [DEBUG] [org.gradle.workers.internal.WorkerDaemonExpiration] Will attempt to release 1572 of memory
2025-05-19T18:48:27.338+0700 [DEBUG] [org.gradle.process.internal.health.memory.DefaultMemoryManager] 1648675635 physical memory requested, 0 released, 898002944 free
2025-05-19T18:48:32.335+0700 [DEBUG] [org.gradle.process.internal.health.memory.DefaultMemoryManager] 1648675635 physical memory requested, 610439168 free
2025-05-19T18:48:32.335+0700 [DEBUG] [org.gradle.workers.internal.WorkerDaemonExpiration] Will attempt to release 1572 of memory
2025-05-19T18:48:32.335+0700 [DEBUG] [org.gradle.process.internal.health.memory.DefaultMemoryManager] 1648675635 physical memory requested, 0 released, 610439168 free
2025-05-19T18:48:35.242+0700 [DEBUG] [org.gradle.cache.internal.DefaultFileLockManager] Waiting to acquire shared lock on daemon addresses registry.
2025-05-19T18:48:35.242+0700 [DEBUG] [org.gradle.cache.internal.DefaultFileLockManager] Lock acquired on daemon addresses registry.
2025-05-19T18:48:35.243+0700 [DEBUG] [org.gradle.cache.internal.DefaultFileLockManager] Releasing lock on daemon addresses registry.
2025-05-19T18:48:35.246+0700 [DEBUG] [org.gradle.cache.internal.DefaultFileLockManager] Waiting to acquire shared lock on daemon addresses registry.
2025-05-19T18:48:35.247+0700 [DEBUG] [org.gradle.cache.internal.DefaultFileLockManager] Lock acquired on daemon addresses registry.
2025-05-19T18:48:35.247+0700 [DEBUG] [org.gradle.cache.internal.DefaultFileLockManager] Releasing lock on daemon addresses registry.
2025-05-19T18:48:35.250+0700 [DEBUG] [org.gradle.cache.internal.DefaultFileLockManager] Waiting to acquire shared lock on daemon addresses registry.
2025-05-19T18:48:35.251+0700 [DEBUG] [org.gradle.cache.internal.DefaultFileLockManager] Lock acquired on daemon addresses registry.
2025-05-19T18:48:35.252+0700 [DEBUG] [org.gradle.cache.internal.DefaultFileLockManager] Releasing lock on daemon addresses registry.
2025-05-19T18:48:37.328+0700 [DEBUG] [org.gradle.process.internal.health.memory.DefaultMemoryManager] 1648675635 physical memory requested, 609124352 free
2025-05-19T18:48:37.328+0700 [DEBUG] [org.gradle.workers.internal.WorkerDaemonExpiration] Will attempt to release 1572 of memory
2025-05-19T18:48:37.328+0700 [DEBUG] [org.gradle.process.internal.health.memory.DefaultMemoryManager] 1648675635 physical memory requested, 0 released, 609124352 free
2025-05-19T18:48:45.243+0700 [DEBUG] [org.gradle.cache.internal.DefaultFileLockManager] Waiting to acquire shared lock on daemon addresses registry.
2025-05-19T18:48:45.243+0700 [DEBUG] [org.gradle.cache.internal.DefaultFileLockManager] Lock acquired on daemon addresses registry.
2025-05-19T18:48:45.244+0700 [DEBUG] [org.gradle.cache.internal.DefaultFileLockManager] Releasing lock on daemon addresses registry.
2025-05-19T18:48:45.246+0700 [DEBUG] [org.gradle.cache.internal.DefaultFileLockManager] Waiting to acquire shared lock on daemon addresses registry.
2025-05-19T18:48:45.246+0700 [DEBUG] [org.gradle.cache.internal.DefaultFileLockManager] Lock acquired on daemon addresses registry.
2025-05-19T18:48:45.246+0700 [DEBUG] [org.gradle.cache.internal.DefaultFileLockManager] Releasing lock on daemon addresses registry.
2025-05-19T18:48:45.248+0700 [DEBUG] [org.gradle.cache.internal.DefaultFileLockManager] Waiting to acquire shared lock on daemon addresses registry.
2025-05-19T18:48:45.248+0700 [DEBUG] [org.gradle.cache.internal.DefaultFileLockManager] Lock acquired on daemon addresses registry.
2025-05-19T18:48:45.249+0700 [DEBUG] [org.gradle.cache.internal.DefaultFileLockManager] Releasing lock on daemon addresses registry.
2025-05-19T18:48:55.250+0700 [DEBUG] [org.gradle.cache.internal.DefaultFileLockManager] Waiting to acquire shared lock on daemon addresses registry.
2025-05-19T18:48:55.250+0700 [DEBUG] [org.gradle.cache.internal.DefaultFileLockManager] Lock acquired on daemon addresses registry.
2025-05-19T18:48:55.251+0700 [DEBUG] [org.gradle.cache.internal.DefaultFileLockManager] Releasing lock on daemon addresses registry.
2025-05-19T18:48:55.254+0700 [DEBUG] [org.gradle.cache.internal.DefaultFileLockManager] Waiting to acquire shared lock on daemon addresses registry.
2025-05-19T18:48:55.254+0700 [DEBUG] [org.gradle.cache.internal.DefaultFileLockManager] Lock acquired on daemon addresses registry.
2025-05-19T18:48:55.254+0700 [DEBUG] [org.gradle.cache.internal.DefaultFileLockManager] Releasing lock on daemon addresses registry.
2025-05-19T18:48:55.257+0700 [DEBUG] [org.gradle.cache.internal.DefaultFileLockManager] Waiting to acquire shared lock on daemon addresses registry.
2025-05-19T18:48:55.257+0700 [DEBUG] [org.gradle.cache.internal.DefaultFileLockManager] Lock acquired on daemon addresses registry.
2025-05-19T18:48:55.257+0700 [DEBUG] [org.gradle.cache.internal.DefaultFileLockManager] Releasing lock on daemon addresses registry.
2025-05-19T18:49:05.237+0700 [DEBUG] [org.gradle.cache.internal.DefaultFileLockManager] Waiting to acquire shared lock on daemon addresses registry.
2025-05-19T18:49:05.238+0700 [DEBUG] [org.gradle.cache.internal.DefaultFileLockManager] Lock acquired on daemon addresses registry.
2025-05-19T18:49:05.239+0700 [DEBUG] [org.gradle.cache.internal.DefaultFileLockManager] Releasing lock on daemon addresses registry.
2025-05-19T18:49:05.241+0700 [DEBUG] [org.gradle.cache.internal.DefaultFileLockManager] Waiting to acquire shared lock on daemon addresses registry.
2025-05-19T18:49:05.241+0700 [DEBUG] [org.gradle.cache.internal.DefaultFileLockManager] Lock acquired on daemon addresses registry.
2025-05-19T18:49:05.242+0700 [DEBUG] [org.gradle.cache.internal.DefaultFileLockManager] Releasing lock on daemon addresses registry.
2025-05-19T18:49:05.244+0700 [DEBUG] [org.gradle.cache.internal.DefaultFileLockManager] Waiting to acquire shared lock on daemon addresses registry.
2025-05-19T18:49:05.244+0700 [DEBUG] [org.gradle.cache.internal.DefaultFileLockManager] Lock acquired on daemon addresses registry.
2025-05-19T18:49:05.244+0700 [DEBUG] [org.gradle.cache.internal.DefaultFileLockManager] Releasing lock on daemon addresses registry.
2025-05-19T18:49:15.237+0700 [DEBUG] [org.gradle.cache.internal.DefaultFileLockManager] Waiting to acquire shared lock on daemon addresses registry.
2025-05-19T18:49:15.237+0700 [DEBUG] [org.gradle.cache.internal.DefaultFileLockManager] Lock acquired on daemon addresses registry.
2025-05-19T18:49:15.237+0700 [DEBUG] [org.gradle.cache.internal.DefaultFileLockManager] Releasing lock on daemon addresses registry.
2025-05-19T18:49:15.241+0700 [DEBUG] [org.gradle.cache.internal.DefaultFileLockManager] Waiting to acquire shared lock on daemon addresses registry.
2025-05-19T18:49:15.241+0700 [DEBUG] [org.gradle.cache.internal.DefaultFileLockManager] Lock acquired on daemon addresses registry.
2025-05-19T18:49:15.242+0700 [DEBUG] [org.gradle.cache.internal.DefaultFileLockManager] Releasing lock on daemon addresses registry.
2025-05-19T18:49:15.245+0700 [DEBUG] [org.gradle.cache.internal.DefaultFileLockManager] Waiting to acquire shared lock on daemon addresses registry.
2025-05-19T18:49:15.245+0700 [DEBUG] [org.gradle.cache.internal.DefaultFileLockManager] Lock acquired on daemon addresses registry.
2025-05-19T18:49:15.246+0700 [DEBUG] [org.gradle.cache.internal.DefaultFileLockManager] Releasing lock on daemon addresses registry.
2025-05-19T18:49:25.246+0700 [DEBUG] [org.gradle.cache.internal.DefaultFileLockManager] Waiting to acquire shared lock on daemon addresses registry.
2025-05-19T18:49:25.247+0700 [DEBUG] [org.gradle.cache.internal.DefaultFileLockManager] Lock acquired on daemon addresses registry.
2025-05-19T18:49:25.248+0700 [DEBUG] [org.gradle.cache.internal.DefaultFileLockManager] Releasing lock on daemon addresses registry.
2025-05-19T18:49:25.251+0700 [DEBUG] [org.gradle.cache.internal.DefaultFileLockManager] Waiting to acquire shared lock on daemon addresses registry.
2025-05-19T18:49:25.251+0700 [DEBUG] [org.gradle.cache.internal.DefaultFileLockManager] Lock acquired on daemon addresses registry.
2025-05-19T18:49:25.252+0700 [DEBUG] [org.gradle.cache.internal.DefaultFileLockManager] Releasing lock on daemon addresses registry.
2025-05-19T18:49:25.254+0700 [DEBUG] [org.gradle.cache.internal.DefaultFileLockManager] Waiting to acquire shared lock on daemon addresses registry.
2025-05-19T18:49:25.255+0700 [DEBUG] [org.gradle.cache.internal.DefaultFileLockManager] Lock acquired on daemon addresses registry.
2025-05-19T18:49:25.256+0700 [DEBUG] [org.gradle.cache.internal.DefaultFileLockManager] Releasing lock on daemon addresses registry.
2025-05-19T18:49:35.234+0700 [DEBUG] [org.gradle.cache.internal.DefaultFileLockManager] Waiting to acquire shared lock on daemon addresses registry.
2025-05-19T18:49:35.235+0700 [DEBUG] [org.gradle.cache.internal.DefaultFileLockManager] Lock acquired on daemon addresses registry.
2025-05-19T18:49:35.236+0700 [DEBUG] [org.gradle.cache.internal.DefaultFileLockManager] Releasing lock on daemon addresses registry.
2025-05-19T18:49:35.240+0700 [DEBUG] [org.gradle.cache.internal.DefaultFileLockManager] Waiting to acquire shared lock on daemon addresses registry.
2025-05-19T18:49:35.241+0700 [DEBUG] [org.gradle.cache.internal.DefaultFileLockManager] Lock acquired on daemon addresses registry.
2025-05-19T18:49:35.242+0700 [DEBUG] [org.gradle.cache.internal.DefaultFileLockManager] Releasing lock on daemon addresses registry.
2025-05-19T18:49:35.245+0700 [DEBUG] [org.gradle.cache.internal.DefaultFileLockManager] Waiting to acquire shared lock on daemon addresses registry.
2025-05-19T18:49:35.245+0700 [DEBUG] [org.gradle.cache.internal.DefaultFileLockManager] Lock acquired on daemon addresses registry.
2025-05-19T18:49:35.246+0700 [DEBUG] [org.gradle.cache.internal.DefaultFileLockManager] Releasing lock on daemon addresses registry.
2025-05-19T18:49:45.238+0700 [DEBUG] [org.gradle.cache.internal.DefaultFileLockManager] Waiting to acquire shared lock on daemon addresses registry.
2025-05-19T18:49:45.238+0700 [DEBUG] [org.gradle.cache.internal.DefaultFileLockManager] Lock acquired on daemon addresses registry.
2025-05-19T18:49:45.239+0700 [DEBUG] [org.gradle.cache.internal.DefaultFileLockManager] Releasing lock on daemon addresses registry.
2025-05-19T18:49:45.241+0700 [DEBUG] [org.gradle.cache.internal.DefaultFileLockManager] Waiting to acquire shared lock on daemon addresses registry.
2025-05-19T18:49:45.242+0700 [DEBUG] [org.gradle.cache.internal.DefaultFileLockManager] Lock acquired on daemon addresses registry.
2025-05-19T18:49:45.242+0700 [DEBUG] [org.gradle.cache.internal.DefaultFileLockManager] Releasing lock on daemon addresses registry.
2025-05-19T18:49:45.245+0700 [DEBUG] [org.gradle.cache.internal.DefaultFileLockManager] Waiting to acquire shared lock on daemon addresses registry.
2025-05-19T18:49:45.245+0700 [DEBUG] [org.gradle.cache.internal.DefaultFileLockManager] Lock acquired on daemon addresses registry.
2025-05-19T18:49:45.246+0700 [DEBUG] [org.gradle.cache.internal.DefaultFileLockManager] Releasing lock on daemon addresses registry.
2025-05-19T18:49:55.239+0700 [DEBUG] [org.gradle.cache.internal.DefaultFileLockManager] Waiting to acquire shared lock on daemon addresses registry.
2025-05-19T18:49:55.240+0700 [DEBUG] [org.gradle.cache.internal.DefaultFileLockManager] Lock acquired on daemon addresses registry.
2025-05-19T18:49:55.240+0700 [DEBUG] [org.gradle.cache.internal.DefaultFileLockManager] Releasing lock on daemon addresses registry.
2025-05-19T18:49:55.242+0700 [DEBUG] [org.gradle.cache.internal.DefaultFileLockManager] Waiting to acquire shared lock on daemon addresses registry.
2025-05-19T18:49:55.243+0700 [DEBUG] [org.gradle.cache.internal.DefaultFileLockManager] Lock acquired on daemon addresses registry.
2025-05-19T18:49:55.243+0700 [DEBUG] [org.gradle.cache.internal.DefaultFileLockManager] Releasing lock on daemon addresses registry.
2025-05-19T18:49:55.245+0700 [DEBUG] [org.gradle.cache.internal.DefaultFileLockManager] Waiting to acquire shared lock on daemon addresses registry.
2025-05-19T18:49:55.245+0700 [DEBUG] [org.gradle.cache.internal.DefaultFileLockManager] Lock acquired on daemon addresses registry.
2025-05-19T18:49:55.246+0700 [DEBUG] [org.gradle.cache.internal.DefaultFileLockManager] Releasing lock on daemon addresses registry.
2025-05-19T18:50:05.236+0700 [DEBUG] [org.gradle.cache.internal.DefaultFileLockManager] Waiting to acquire shared lock on daemon addresses registry.
2025-05-19T18:50:05.236+0700 [DEBUG] [org.gradle.cache.internal.DefaultFileLockManager] Lock acquired on daemon addresses registry.
2025-05-19T18:50:05.237+0700 [DEBUG] [org.gradle.cache.internal.DefaultFileLockManager] Releasing lock on daemon addresses registry.
2025-05-19T18:50:05.239+0700 [DEBUG] [org.gradle.cache.internal.DefaultFileLockManager] Waiting to acquire shared lock on daemon addresses registry.
2025-05-19T18:50:05.239+0700 [DEBUG] [org.gradle.cache.internal.DefaultFileLockManager] Lock acquired on daemon addresses registry.
2025-05-19T18:50:05.240+0700 [DEBUG] [org.gradle.cache.internal.DefaultFileLockManager] Releasing lock on daemon addresses registry.
2025-05-19T18:50:05.242+0700 [DEBUG] [org.gradle.cache.internal.DefaultFileLockManager] Waiting to acquire shared lock on daemon addresses registry.
2025-05-19T18:50:05.242+0700 [DEBUG] [org.gradle.cache.internal.DefaultFileLockManager] Lock acquired on daemon addresses registry.
2025-05-19T18:50:05.243+0700 [DEBUG] [org.gradle.cache.internal.DefaultFileLockManager] Releasing lock on daemon addresses registry.
2025-05-19T18:50:15.236+0700 [DEBUG] [org.gradle.cache.internal.DefaultFileLockManager] Waiting to acquire shared lock on daemon addresses registry.
2025-05-19T18:50:15.236+0700 [DEBUG] [org.gradle.cache.internal.DefaultFileLockManager] Lock acquired on daemon addresses registry.
2025-05-19T18:50:15.237+0700 [DEBUG] [org.gradle.cache.internal.DefaultFileLockManager] Releasing lock on daemon addresses registry.
2025-05-19T18:50:15.240+0700 [DEBUG] [org.gradle.cache.internal.DefaultFileLockManager] Waiting to acquire shared lock on daemon addresses registry.
2025-05-19T18:50:15.240+0700 [DEBUG] [org.gradle.cache.internal.DefaultFileLockManager] Lock acquired on daemon addresses registry.
2025-05-19T18:50:15.241+0700 [DEBUG] [org.gradle.cache.internal.DefaultFileLockManager] Releasing lock on daemon addresses registry.
2025-05-19T18:50:15.244+0700 [DEBUG] [org.gradle.cache.internal.DefaultFileLockManager] Waiting to acquire shared lock on daemon addresses registry.
2025-05-19T18:50:15.244+0700 [DEBUG] [org.gradle.cache.internal.DefaultFileLockManager] Lock acquired on daemon addresses registry.
2025-05-19T18:50:15.245+0700 [DEBUG] [org.gradle.cache.internal.DefaultFileLockManager] Releasing lock on daemon addresses registry.
2025-05-19T18:50:25.237+0700 [DEBUG] [org.gradle.cache.internal.DefaultFileLockManager] Waiting to acquire shared lock on daemon addresses registry.
2025-05-19T18:50:25.238+0700 [DEBUG] [org.gradle.cache.internal.DefaultFileLockManager] Lock acquired on daemon addresses registry.
2025-05-19T18:50:25.239+0700 [DEBUG] [org.gradle.cache.internal.DefaultFileLockManager] Releasing lock on daemon addresses registry.
2025-05-19T18:50:25.243+0700 [DEBUG] [org.gradle.cache.internal.DefaultFileLockManager] Waiting to acquire shared lock on daemon addresses registry.
2025-05-19T18:50:25.243+0700 [DEBUG] [org.gradle.cache.internal.DefaultFileLockManager] Lock acquired on daemon addresses registry.
2025-05-19T18:50:25.244+0700 [DEBUG] [org.gradle.cache.internal.DefaultFileLockManager] Releasing lock on daemon addresses registry.
2025-05-19T18:50:25.247+0700 [DEBUG] [org.gradle.cache.internal.DefaultFileLockManager] Waiting to acquire shared lock on daemon addresses registry.
2025-05-19T18:50:25.248+0700 [DEBUG] [org.gradle.cache.internal.DefaultFileLockManager] Lock acquired on daemon addresses registry.
2025-05-19T18:50:25.248+0700 [DEBUG] [org.gradle.cache.internal.DefaultFileLockManager] Releasing lock on daemon addresses registry.
2025-05-19T18:50:35.243+0700 [DEBUG] [org.gradle.cache.internal.DefaultFileLockManager] Waiting to acquire shared lock on daemon addresses registry.
2025-05-19T18:50:35.244+0700 [DEBUG] [org.gradle.cache.internal.DefaultFileLockManager] Lock acquired on daemon addresses registry.
2025-05-19T18:50:35.244+0700 [DEBUG] [org.gradle.cache.internal.DefaultFileLockManager] Releasing lock on daemon addresses registry.
2025-05-19T18:50:35.249+0700 [DEBUG] [org.gradle.cache.internal.DefaultFileLockManager] Waiting to acquire shared lock on daemon addresses registry.
2025-05-19T18:50:35.249+0700 [DEBUG] [org.gradle.cache.internal.DefaultFileLockManager] Lock acquired on daemon addresses registry.
2025-05-19T18:50:35.250+0700 [DEBUG] [org.gradle.cache.internal.DefaultFileLockManager] Releasing lock on daemon addresses registry.
2025-05-19T18:50:35.253+0700 [DEBUG] [org.gradle.cache.internal.DefaultFileLockManager] Waiting to acquire shared lock on daemon addresses registry.
2025-05-19T18:50:35.253+0700 [DEBUG] [org.gradle.cache.internal.DefaultFileLockManager] Lock acquired on daemon addresses registry.
2025-05-19T18:50:35.254+0700 [DEBUG] [org.gradle.cache.internal.DefaultFileLockManager] Releasing lock on daemon addresses registry.
2025-05-19T18:50:45.231+0700 [DEBUG] [org.gradle.cache.internal.DefaultFileLockManager] Waiting to acquire shared lock on daemon addresses registry.
2025-05-19T18:50:45.231+0700 [DEBUG] [org.gradle.cache.internal.DefaultFileLockManager] Lock acquired on daemon addresses registry.
2025-05-19T18:50:45.232+0700 [DEBUG] [org.gradle.cache.internal.DefaultFileLockManager] Releasing lock on daemon addresses registry.
2025-05-19T18:50:45.234+0700 [DEBUG] [org.gradle.cache.internal.DefaultFileLockManager] Waiting to acquire shared lock on daemon addresses registry.
2025-05-19T18:50:45.234+0700 [DEBUG] [org.gradle.cache.internal.DefaultFileLockManager] Lock acquired on daemon addresses registry.
2025-05-19T18:50:45.234+0700 [DEBUG] [org.gradle.cache.internal.DefaultFileLockManager] Releasing lock on daemon addresses registry.
2025-05-19T18:50:45.236+0700 [DEBUG] [org.gradle.cache.internal.DefaultFileLockManager] Waiting to acquire shared lock on daemon addresses registry.
2025-05-19T18:50:45.237+0700 [DEBUG] [org.gradle.cache.internal.DefaultFileLockManager] Lock acquired on daemon addresses registry.
2025-05-19T18:50:45.237+0700 [DEBUG] [org.gradle.cache.internal.DefaultFileLockManager] Releasing lock on daemon addresses registry.
2025-05-19T18:50:55.241+0700 [DEBUG] [org.gradle.cache.internal.DefaultFileLockManager] Waiting to acquire shared lock on daemon addresses registry.
2025-05-19T18:50:55.242+0700 [DEBUG] [org.gradle.cache.internal.DefaultFileLockManager] Lock acquired on daemon addresses registry.
2025-05-19T18:50:55.242+0700 [DEBUG] [org.gradle.cache.internal.DefaultFileLockManager] Releasing lock on daemon addresses registry.
2025-05-19T18:50:55.245+0700 [DEBUG] [org.gradle.cache.internal.DefaultFileLockManager] Waiting to acquire shared lock on daemon addresses registry.
2025-05-19T18:50:55.245+0700 [DEBUG] [org.gradle.cache.internal.DefaultFileLockManager] Lock acquired on daemon addresses registry.
2025-05-19T18:50:55.245+0700 [DEBUG] [org.gradle.cache.internal.DefaultFileLockManager] Releasing lock on daemon addresses registry.
2025-05-19T18:50:55.247+0700 [DEBUG] [org.gradle.cache.internal.DefaultFileLockManager] Waiting to acquire shared lock on daemon addresses registry.
2025-05-19T18:50:55.247+0700 [DEBUG] [org.gradle.cache.internal.DefaultFileLockManager] Lock acquired on daemon addresses registry.
2025-05-19T18:50:55.248+0700 [DEBUG] [org.gradle.cache.internal.DefaultFileLockManager] Releasing lock on daemon addresses registry.
2025-05-19T18:51:05.237+0700 [DEBUG] [org.gradle.cache.internal.DefaultFileLockManager] Waiting to acquire shared lock on daemon addresses registry.
2025-05-19T18:51:05.237+0700 [DEBUG] [org.gradle.cache.internal.DefaultFileLockManager] Lock acquired on daemon addresses registry.
2025-05-19T18:51:05.238+0700 [DEBUG] [org.gradle.cache.internal.DefaultFileLockManager] Releasing lock on daemon addresses registry.
2025-05-19T18:51:05.240+0700 [DEBUG] [org.gradle.cache.internal.DefaultFileLockManager] Waiting to acquire shared lock on daemon addresses registry.
2025-05-19T18:51:05.240+0700 [DEBUG] [org.gradle.cache.internal.DefaultFileLockManager] Lock acquired on daemon addresses registry.
2025-05-19T18:51:05.241+0700 [DEBUG] [org.gradle.cache.internal.DefaultFileLockManager] Releasing lock on daemon addresses registry.
2025-05-19T18:51:05.243+0700 [DEBUG] [org.gradle.cache.internal.DefaultFileLockManager] Waiting to acquire shared lock on daemon addresses registry.
2025-05-19T18:51:05.243+0700 [DEBUG] [org.gradle.cache.internal.DefaultFileLockManager] Lock acquired on daemon addresses registry.
2025-05-19T18:51:05.244+0700 [DEBUG] [org.gradle.cache.internal.DefaultFileLockManager] Releasing lock on daemon addresses registry.
2025-05-19T18:51:15.229+0700 [DEBUG] [org.gradle.cache.internal.DefaultFileLockManager] Waiting to acquire shared lock on daemon addresses registry.
2025-05-19T18:51:15.229+0700 [DEBUG] [org.gradle.cache.internal.DefaultFileLockManager] Lock acquired on daemon addresses registry.
2025-05-19T18:51:15.230+0700 [DEBUG] [org.gradle.cache.internal.DefaultFileLockManager] Releasing lock on daemon addresses registry.
2025-05-19T18:51:15.232+0700 [DEBUG] [org.gradle.cache.internal.DefaultFileLockManager] Waiting to acquire shared lock on daemon addresses registry.
2025-05-19T18:51:15.233+0700 [DEBUG] [org.gradle.cache.internal.DefaultFileLockManager] Lock acquired on daemon addresses registry.
2025-05-19T18:51:15.233+0700 [DEBUG] [org.gradle.cache.internal.DefaultFileLockManager] Releasing lock on daemon addresses registry.
2025-05-19T18:51:15.236+0700 [DEBUG] [org.gradle.cache.internal.DefaultFileLockManager] Waiting to acquire shared lock on daemon addresses registry.
2025-05-19T18:51:15.236+0700 [DEBUG] [org.gradle.cache.internal.DefaultFileLockManager] Lock acquired on daemon addresses registry.
2025-05-19T18:51:15.237+0700 [DEBUG] [org.gradle.cache.internal.DefaultFileLockManager] Releasing lock on daemon addresses registry.
2025-05-19T18:51:15.760+0700 [DEBUG] [org.gradle.internal.remote.internal.inet.TcpIncomingConnector] Accepted connection from /127.0.0.1:56085 to /127.0.0.1:55898.
2025-05-19T18:51:15.784+0700 [DEBUG] [org.gradle.launcher.daemon.server.SynchronizedDispatchConnection] thread 313: received class org.gradle.launcher.daemon.protocol.StopWhenIdle
2025-05-19T18:51:15.785+0700 [DEBUG] [org.gradle.launcher.daemon.server.DefaultDaemonConnection] thread 313: Received non-IO message from client: StopWhenIdle[id=28d46a9e-823f-460d-b699-9824bdd4954c]
2025-05-19T18:51:15.785+0700 [INFO] [org.gradle.launcher.daemon.server.DefaultIncomingConnectionHandler] Received command: StopWhenIdle[id=28d46a9e-823f-460d-b699-9824bdd4954c].
2025-05-19T18:51:15.785+0700 [DEBUG] [org.gradle.launcher.daemon.server.DefaultIncomingConnectionHandler] Starting executing command: StopWhenIdle[id=28d46a9e-823f-460d-b699-9824bdd4954c] with connection: socket connection from /127.0.0.1:55898 to /127.0.0.1:56085.
2025-05-19T18:51:15.787+0700 [DEBUG] [org.gradle.launcher.daemon.server.DaemonRegistryUpdater] Storing daemon stop event: stop command received
2025-05-19T18:51:15.789+0700 [DEBUG] [org.gradle.launcher.daemon.registry.PersistentDaemonRegistry] Storing daemon stop event with timestamp 1747655475788
2025-05-19T18:51:15.794+0700 [DEBUG] [org.gradle.cache.internal.DefaultFileLockManager] Waiting to acquire exclusive lock on daemon addresses registry.
2025-05-19T18:51:15.795+0700 [DEBUG] [org.gradle.cache.internal.DefaultFileLockManager] Lock acquired on daemon addresses registry.
2025-05-19T18:51:15.800+0700 [DEBUG] [org.gradle.cache.internal.DefaultFileLockManager] Releasing lock on daemon addresses registry.
2025-05-19T18:51:15.802+0700 [LIFECYCLE] [org.gradle.launcher.daemon.server.DaemonStateCoordinator] Daemon will be stopped at the end of the build stop command received
2025-05-19T18:51:15.802+0700 [DEBUG] [org.gradle.launcher.daemon.server.DaemonStateCoordinator] Marking daemon stopped due to stop command received. The daemon is running a build: false
2025-05-19T18:51:15.802+0700 [DEBUG] [org.gradle.launcher.daemon.server.DaemonStateCoordinator] daemon has stopped.
2025-05-19T18:51:15.802+0700 [DEBUG] [org.gradle.launcher.daemon.server.SynchronizedDispatchConnection] thread 312: dispatching Success[value=null]
2025-05-19T18:51:15.802+0700 [DEBUG] [org.gradle.launcher.daemon.server.Daemon] stop() called on daemon
2025-05-19T18:51:15.803+0700 [INFO] [org.gradle.launcher.daemon.server.Daemon] Stop requested. Daemon is removing its presence from the registry...
2025-05-19T18:51:15.803+0700 [DEBUG] [org.gradle.launcher.daemon.server.DefaultIncomingConnectionHandler] Finishing executing command: StopWhenIdle[id=28d46a9e-823f-460d-b699-9824bdd4954c]
2025-05-19T18:51:15.803+0700 [DEBUG] [org.gradle.launcher.daemon.server.DaemonRegistryUpdater] Removing our presence to clients, eg. removing this address from the registry: [ce702541-2fb5-43ab-ac03-14217e91bca3 port:55898, addresses:[localhost/127.0.0.1]]
2025-05-19T18:51:15.803+0700 [DEBUG] [org.gradle.launcher.daemon.server.SynchronizedDispatchConnection] thread 313: received class org.gradle.launcher.daemon.protocol.Finished
2025-05-19T18:51:15.803+0700 [DEBUG] [org.gradle.launcher.daemon.registry.PersistentDaemonRegistry] Removing daemon address: [ce702541-2fb5-43ab-ac03-14217e91bca3 port:55898, addresses:[localhost/127.0.0.1]]
2025-05-19T18:51:15.803+0700 [DEBUG] [org.gradle.launcher.daemon.server.DefaultDaemonConnection] thread 313: Received non-IO message from client: org.gradle.launcher.daemon.protocol.Finished@723676cc
2025-05-19T18:51:15.804+0700 [DEBUG] [org.gradle.launcher.daemon.server.DefaultIncomingConnectionHandler] Received finished message: org.gradle.launcher.daemon.protocol.Finished@723676cc
2025-05-19T18:51:15.804+0700 [DEBUG] [org.gradle.launcher.daemon.server.SynchronizedDispatchConnection] thread 312: stopping connection
2025-05-19T18:51:15.804+0700 [DEBUG] [org.gradle.internal.remote.internal.inet.SocketConnection] Discarding EOFException: java.io.EOFException
2025-05-19T18:51:15.804+0700 [DEBUG] [org.gradle.launcher.daemon.server.SynchronizedDispatchConnection] thread 313: received null
2025-05-19T18:51:15.804+0700 [DEBUG] [org.gradle.launcher.daemon.server.DefaultDaemonConnection] thread 313: Received end-of-input from client.
2025-05-19T18:51:15.805+0700 [DEBUG] [org.gradle.launcher.daemon.server.SynchronizedDispatchConnection] thread 312: stopping connection
2025-05-19T18:51:15.807+0700 [DEBUG] [org.gradle.cache.internal.DefaultFileLockManager] Waiting to acquire exclusive lock on daemon addresses registry.
2025-05-19T18:51:15.808+0700 [DEBUG] [org.gradle.cache.internal.DefaultFileLockManager] Lock acquired on daemon addresses registry.
2025-05-19T18:51:15.811+0700 [DEBUG] [org.gradle.cache.internal.DefaultFileLockManager] Releasing lock on daemon addresses registry.
2025-05-19T18:51:15.813+0700 [DEBUG] [org.gradle.launcher.daemon.server.DaemonRegistryUpdater] Address removed from registry.
2025-05-19T18:51:15.845+0700 [DEBUG] [org.gradle.cache.internal.DefaultPersistentDirectoryStore] jars (C:\Users\Kjkiong\AndroidStudioProjects\Muttawif\caches\jars-9) has last been fully cleaned up 74 hours ago
2025-05-19T18:51:15.853+0700 [INFO] [org.gradle.cache.internal.AbstractCacheCleanup] jars (C:\Users\Kjkiong\AndroidStudioProjects\Muttawif\caches\jars-9) cleanup deleted 0 files/directories.
2025-05-19T18:51:15.854+0700 [INFO] [org.gradle.cache.internal.LeastRecentlyUsedCacheCleanup] jars (C:\Users\Kjkiong\AndroidStudioProjects\Muttawif\caches\jars-9) removing files not accessed on or after Mon May 12 18:46:59 WIB 2025.
2025-05-19T18:51:15.954+0700 [INFO] [org.gradle.cache.internal.AbstractCacheCleanup] jars (C:\Users\Kjkiong\AndroidStudioProjects\Muttawif\caches\jars-9) cleanup deleted 6 files/directories.
2025-05-19T18:51:15.957+0700 [INFO] [org.gradle.cache.internal.DefaultPersistentDirectoryStore] jars (C:\Users\Kjkiong\AndroidStudioProjects\Muttawif\caches\jars-9) cleaned up in 0.11 secs.
2025-05-19T18:51:15.957+0700 [DEBUG] [org.gradle.cache.internal.DefaultCacheCoordinator] Cache jars (C:\Users\Kjkiong\AndroidStudioProjects\Muttawif\caches\jars-9) was closed 0 times.
2025-05-19T18:51:15.958+0700 [DEBUG] [org.gradle.cache.internal.LockOnDemandCrossProcessCacheAccess] Releasing file lock for file content cache (C:\Users\Kjkiong\AndroidStudioProjects\Muttawif\caches\8.7\fileContent)
2025-05-19T18:51:15.958+0700 [DEBUG] [org.gradle.cache.internal.DefaultFileLockManager] Releasing lock on file content cache (C:\Users\Kjkiong\AndroidStudioProjects\Muttawif\caches\8.7\fileContent).
2025-05-19T18:51:15.959+0700 [DEBUG] [org.gradle.internal.watch.vfs.impl.WatchingVirtualFileSystem] Closing VFS, dropping state
2025-05-19T18:51:15.963+0700 [DEBUG] [org.gradle.cache.internal.LockOnDemandCrossProcessCacheAccess] Releasing file lock for Generated Gradle JARs cache (C:\Users\Kjkiong\AndroidStudioProjects\Muttawif\caches\8.7\generated-gradle-jars)
2025-05-19T18:51:15.963+0700 [DEBUG] [org.gradle.internal.watch.registry.impl.DefaultFileWatcherRegistry] Finished listening to file system change events
2025-05-19T18:51:15.963+0700 [DEBUG] [org.gradle.cache.internal.DefaultFileLockManager] Releasing lock on Generated Gradle JARs cache (C:\Users\Kjkiong\AndroidStudioProjects\Muttawif\caches\8.7\generated-gradle-jars).
2025-05-19T18:51:15.966+0700 [DEBUG] [org.gradle.cache.internal.DefaultPersistentDirectoryStore] Artifact transforms cache (C:\Users\Kjkiong\AndroidStudioProjects\Muttawif\caches\transforms-4) has last been fully cleaned up 74 hours ago
2025-05-19T18:51:15.967+0700 [INFO] [org.gradle.cache.internal.LeastRecentlyUsedCacheCleanup] Artifact transforms cache (C:\Users\Kjkiong\AndroidStudioProjects\Muttawif\caches\transforms-4) removing files not accessed on or after Mon May 12 18:46:59 WIB 2025.
2025-05-19T18:51:39.002+0700 [INFO] [org.gradle.cache.internal.AbstractCacheCleanup] Artifact transforms cache (C:\Users\Kjkiong\AndroidStudioProjects\Muttawif\caches\transforms-4) cleanup deleted 1399 files/directories.
2025-05-19T18:51:39.003+0700 [INFO] [org.gradle.cache.internal.DefaultPersistentDirectoryStore] Artifact transforms cache (C:\Users\Kjkiong\AndroidStudioProjects\Muttawif\caches\transforms-4) cleaned up in 23.037 secs.
2025-05-19T18:51:39.003+0700 [DEBUG] [org.gradle.cache.internal.DefaultCacheCoordinator] Cache Artifact transforms cache (C:\Users\Kjkiong\AndroidStudioProjects\Muttawif\caches\transforms-4) was closed 0 times.
2025-05-19T18:51:39.004+0700 [DEBUG] [org.gradle.cache.internal.LockOnDemandCrossProcessCacheAccess] Releasing file lock for artifact cache (C:\Users\Kjkiong\AndroidStudioProjects\Muttawif\caches\modules-2)
2025-05-19T18:51:39.004+0700 [DEBUG] [org.gradle.cache.internal.btree.BTreePersistentIndexedCache] Closing cache module-artifact.bin (C:\Users\Kjkiong\AndroidStudioProjects\Muttawif\caches\modules-2\metadata-2.106\module-artifact.bin)
2025-05-19T18:51:39.005+0700 [DEBUG] [org.gradle.cache.internal.btree.BTreePersistentIndexedCache] Closing cache module-metadata.bin (C:\Users\Kjkiong\AndroidStudioProjects\Muttawif\caches\modules-2\metadata-2.106\module-metadata.bin)
2025-05-19T18:51:39.006+0700 [DEBUG] [org.gradle.cache.internal.DefaultFileLockManager] Releasing lock on artifact cache (C:\Users\Kjkiong\AndroidStudioProjects\Muttawif\caches\modules-2).
2025-05-19T18:51:39.007+0700 [DEBUG] [org.gradle.cache.internal.DefaultPersistentDirectoryStore] artifact cache (C:\Users\Kjkiong\AndroidStudioProjects\Muttawif\caches\modules-2) has last been fully cleaned up 74 hours ago
2025-05-19T18:51:39.010+0700 [INFO] [org.gradle.cache.internal.AbstractCacheCleanup] artifact cache (C:\Users\Kjkiong\AndroidStudioProjects\Muttawif\caches\modules-2) cleanup deleted 0 files/directories.
2025-05-19T18:51:39.012+0700 [INFO] [org.gradle.cache.internal.AbstractCacheCleanup] artifact cache (C:\Users\Kjkiong\AndroidStudioProjects\Muttawif\caches\modules-2) [subdir: C:\Users\Kjkiong\AndroidStudioProjects\Muttawif\caches\modules-2\resources-2.1] cleanup deleted 0 files/directories.
2025-05-19T18:51:39.012+0700 [INFO] [org.gradle.cache.internal.LeastRecentlyUsedCacheCleanup] artifact cache (C:\Users\Kjkiong\AndroidStudioProjects\Muttawif\caches\modules-2) [subdir: C:\Users\Kjkiong\AndroidStudioProjects\Muttawif\caches\modules-2\resources-2.1] removing files not accessed on or after Sat Apr 19 18:46:59 WIB 2025.
2025-05-19T18:51:39.013+0700 [INFO] [org.gradle.cache.internal.AbstractCacheCleanup] artifact cache (C:\Users\Kjkiong\AndroidStudioProjects\Muttawif\caches\modules-2) [subdir: C:\Users\Kjkiong\AndroidStudioProjects\Muttawif\caches\modules-2\resources-2.1] cleanup deleted 0 files/directories.
2025-05-19T18:51:39.014+0700 [INFO] [org.gradle.cache.internal.AbstractCacheCleanup] artifact cache (C:\Users\Kjkiong\AndroidStudioProjects\Muttawif\caches\modules-2) [subdir: C:\Users\Kjkiong\AndroidStudioProjects\Muttawif\caches\modules-2\files-2.1] cleanup deleted 0 files/directories.
2025-05-19T18:51:39.015+0700 [INFO] [org.gradle.cache.internal.LeastRecentlyUsedCacheCleanup] artifact cache (C:\Users\Kjkiong\AndroidStudioProjects\Muttawif\caches\modules-2) [subdir: C:\Users\Kjkiong\AndroidStudioProjects\Muttawif\caches\modules-2\files-2.1] removing files not accessed on or after Sat Apr 19 18:46:59 WIB 2025.
2025-05-19T18:51:39.286+0700 [INFO] [org.gradle.cache.internal.AbstractCacheCleanup] artifact cache (C:\Users\Kjkiong\AndroidStudioProjects\Muttawif\caches\modules-2) [subdir: C:\Users\Kjkiong\AndroidStudioProjects\Muttawif\caches\modules-2\files-2.1] cleanup deleted 0 files/directories.
2025-05-19T18:51:39.288+0700 [INFO] [org.gradle.cache.internal.AbstractCacheCleanup] artifact cache (C:\Users\Kjkiong\AndroidStudioProjects\Muttawif\caches\modules-2) [subdir: C:\Users\Kjkiong\AndroidStudioProjects\Muttawif\caches\modules-2\metadata-2.106] cleanup deleted 0 files/directories.
2025-05-19T18:51:39.291+0700 [INFO] [org.gradle.cache.internal.DefaultPersistentDirectoryStore] artifact cache (C:\Users\Kjkiong\AndroidStudioProjects\Muttawif\caches\modules-2) cleaned up in 0.282 secs.
2025-05-19T18:51:39.291+0700 [DEBUG] [org.gradle.cache.internal.DefaultPersistentDirectoryStore] groovy-dsl (C:\Users\Kjkiong\AndroidStudioProjects\Muttawif\caches\8.7\groovy-dsl) has last been fully cleaned up 74 hours ago
2025-05-19T18:51:39.292+0700 [INFO] [org.gradle.cache.internal.LeastRecentlyUsedCacheCleanup] groovy-dsl (C:\Users\Kjkiong\AndroidStudioProjects\Muttawif\caches\8.7\groovy-dsl) removing files not accessed on or after Mon May 12 18:46:59 WIB 2025.
2025-05-19T18:51:39.293+0700 [INFO] [org.gradle.cache.internal.AbstractCacheCleanup] groovy-dsl (C:\Users\Kjkiong\AndroidStudioProjects\Muttawif\caches\8.7\groovy-dsl) cleanup deleted 0 files/directories.
2025-05-19T18:51:39.295+0700 [INFO] [org.gradle.cache.internal.DefaultPersistentDirectoryStore] groovy-dsl (C:\Users\Kjkiong\AndroidStudioProjects\Muttawif\caches\8.7\groovy-dsl) cleaned up in 0.003 secs.
2025-05-19T18:51:39.296+0700 [DEBUG] [org.gradle.cache.internal.DefaultCacheCoordinator] Cache groovy-dsl (C:\Users\Kjkiong\AndroidStudioProjects\Muttawif\caches\8.7\groovy-dsl) was closed 0 times.
2025-05-19T18:51:39.296+0700 [DEBUG] [org.gradle.cache.internal.DefaultPersistentDirectoryStore] kotlin-dsl (C:\Users\Kjkiong\AndroidStudioProjects\Muttawif\caches\8.7\kotlin-dsl) has last been fully cleaned up 74 hours ago
2025-05-19T18:51:39.297+0700 [INFO] [org.gradle.cache.internal.LeastRecentlyUsedCacheCleanup] kotlin-dsl (C:\Users\Kjkiong\AndroidStudioProjects\Muttawif\caches\8.7\kotlin-dsl) removing files not accessed on or after Mon May 12 18:46:59 WIB 2025.
2025-05-19T18:51:40.398+0700 [INFO] [org.gradle.cache.internal.AbstractCacheCleanup] kotlin-dsl (C:\Users\Kjkiong\AndroidStudioProjects\Muttawif\caches\8.7\kotlin-dsl) cleanup deleted 9 files/directories.
2025-05-19T18:51:40.399+0700 [INFO] [org.gradle.cache.internal.DefaultPersistentDirectoryStore] kotlin-dsl (C:\Users\Kjkiong\AndroidStudioProjects\Muttawif\caches\8.7\kotlin-dsl) cleaned up in 1.102 secs.
2025-05-19T18:51:40.400+0700 [DEBUG] [org.gradle.cache.internal.DefaultCacheCoordinator] Cache kotlin-dsl (C:\Users\Kjkiong\AndroidStudioProjects\Muttawif\caches\8.7\kotlin-dsl) was closed 0 times.
2025-05-19T18:51:40.400+0700 [DEBUG] [org.gradle.cache.internal.LockOnDemandCrossProcessCacheAccess] Releasing file lock for journal cache (C:\Users\Kjkiong\AndroidStudioProjects\Muttawif\caches\journal-1)
2025-05-19T18:51:40.400+0700 [DEBUG] [org.gradle.cache.internal.btree.BTreePersistentIndexedCache] Closing cache file-access.bin (C:\Users\Kjkiong\AndroidStudioProjects\Muttawif\caches\journal-1\file-access.bin)
2025-05-19T18:51:40.401+0700 [DEBUG] [org.gradle.cache.internal.DefaultFileLockManager] Releasing lock on journal cache (C:\Users\Kjkiong\AndroidStudioProjects\Muttawif\caches\journal-1).
2025-05-19T18:51:40.402+0700 [DEBUG] [org.gradle.cache.internal.LockOnDemandCrossProcessCacheAccess] Releasing file lock for file hash cache (C:\Users\Kjkiong\AndroidStudioProjects\Muttawif\caches\8.7\fileHashes)
2025-05-19T18:51:40.402+0700 [DEBUG] [org.gradle.cache.internal.btree.BTreePersistentIndexedCache] Closing cache fileHashes.bin (C:\Users\Kjkiong\AndroidStudioProjects\Muttawif\caches\8.7\fileHashes\fileHashes.bin)
2025-05-19T18:51:40.404+0700 [DEBUG] [org.gradle.cache.internal.btree.BTreePersistentIndexedCache] Closing cache resourceHashesCache.bin (C:\Users\Kjkiong\AndroidStudioProjects\Muttawif\caches\8.7\fileHashes\resourceHashesCache.bin)
2025-05-19T18:51:40.404+0700 [DEBUG] [org.gradle.cache.internal.DefaultFileLockManager] Releasing lock on file hash cache (C:\Users\Kjkiong\AndroidStudioProjects\Muttawif\caches\8.7\fileHashes).
2025-05-19T18:51:40.407+0700 [DEBUG] [org.gradle.cache.internal.LockOnDemandCrossProcessCacheAccess] Releasing file lock for Java compile cache (C:\Users\Kjkiong\AndroidStudioProjects\Muttawif\caches\8.7\javaCompile)
2025-05-19T18:51:40.407+0700 [DEBUG] [org.gradle.cache.internal.btree.BTreePersistentIndexedCache] Closing cache jarAnalysis.bin (C:\Users\Kjkiong\AndroidStudioProjects\Muttawif\caches\8.7\javaCompile\jarAnalysis.bin)
2025-05-19T18:51:40.408+0700 [DEBUG] [org.gradle.cache.internal.btree.BTreePersistentIndexedCache] Closing cache classAnalysis.bin (C:\Users\Kjkiong\AndroidStudioProjects\Muttawif\caches\8.7\javaCompile\classAnalysis.bin)
2025-05-19T18:51:40.409+0700 [DEBUG] [org.gradle.cache.internal.DefaultFileLockManager] Releasing lock on Java compile cache (C:\Users\Kjkiong\AndroidStudioProjects\Muttawif\caches\8.7\javaCompile).
2025-05-19T18:51:40.414+0700 [DEBUG] [org.gradle.cache.internal.VersionSpecificCacheCleanupAction] Processed version-specific caches at C:\Users\Kjkiong\AndroidStudioProjects\Muttawif\caches for cleanup in 0.002 secs
2025-05-19T18:51:40.432+0700 [DEBUG] [java.lang.Runtime] Runtime.exit() called with status: 0
java.lang.Throwable: Runtime.exit(0)
	at java.base/java.lang.Shutdown.logRuntimeExit(Unknown Source)
	at java.base/java.lang.Shutdown.exit(Unknown Source)
	at java.base/java.lang.Runtime.exit(Unknown Source)
	at java.base/java.lang.System.exit(Unknown Source)
	at org.gradle.launcher.bootstrap.ProcessCompleter.complete(ProcessCompleter.java:21)
	at org.gradle.launcher.bootstrap.EntryPoint.run(EntryPoint.java:59)
	at java.base/jdk.internal.reflect.DirectMethodHandleAccessor.invoke(Unknown Source)
	at java.base/java.lang.reflect.Method.invoke(Unknown Source)
	at org.gradle.launcher.bootstrap.ProcessBootstrap.runNoExit(ProcessBootstrap.java:60)
	at org.gradle.launcher.bootstrap.ProcessBootstrap.run(ProcessBootstrap.java:37)
	at org.gradle.launcher.daemon.bootstrap.GradleDaemon.main(GradleDaemon.java:22)
Daemon vm is shutting down... The daemon has exited normally or was terminated in response to a user interrupt.
2025-05-19T18:51:40.434+0700 [DEBUG] [org.gradle.launcher.daemon.registry.PersistentDaemonRegistry] Removing daemon address: [ce702541-2fb5-43ab-ac03-14217e91bca3 port:55898, addresses:[localhost/127.0.0.1]]
2025-05-19T18:51:40.438+0700 [DEBUG] [org.gradle.cache.internal.DefaultFileLockManager] Waiting to acquire exclusive lock on daemon addresses registry.
2025-05-19T18:51:40.439+0700 [DEBUG] [org.gradle.cache.internal.DefaultFileLockManager] Lock acquired on daemon addresses registry.
2025-05-19T18:51:40.443+0700 [DEBUG] [org.gradle.cache.internal.DefaultFileLockManager] Releasing lock on daemon addresses registry.
